#
# A fatal error has been detected by the Java Runtime Environment:
#
#  SIGSEGV (0xb) at pc=0x00007fff201e641f, pid=95223, tid=37147
#
# JRE version: Java(TM) SE Runtime Environment (16.0.2+7) (build 16.0.2+7-67)
# Java VM: Java HotSpot(TM) 64-Bit Server VM (16.0.2+7-67, mixed mode, sharing, tiered, compressed oops, compressed class ptrs, g1 gc, bsd-amd64)
# Problematic frame:
# C  [libobjc.A.dylib+0x841f]  objc_release+0x1f
#
# No core dump will be written. Core dumps have been disabled. To enable core dumping, try "ulimit -c unlimited" before starting Java again
#
# If you would like to submit a bug report, please visit:
#   https://bugreport.java.com/bugreport/crash.jsp
# The crash happened outside the Java Virtual Machine in native code.
# See problematic frame for where to report the bug.
#

---------------  S U M M A R Y ------------

Command Line: com.maddoxk.locus.App

Host: MacBookAir10,1 x86_64 2400 MHz, 8 cores, 8G, Darwin 20.4.0, macOS 10.16 (20E241)
Time: Sun May 29 08:36:10 2022 PDT elapsed time: 2.509717 seconds (0d 0h 0m 2s)

---------------  T H R E A D  ---------------

Current thread (0x00007fc46e827800):  JavaThread "jME3 Main" [_thread_in_native, id=37147, stack(0x000000030b1f2000,0x000000030b2f2000)]

Stack: [0x000000030b1f2000,0x000000030b2f2000],  sp=0x000000030b2f1518,  free space=1021k
Native frames: (J=compiled Java code, A=aot compiled Java code, j=interpreted, Vv=VM code, C=native code)
C  [libobjc.A.dylib+0x841f]  objc_release+0x1f
C  [libobjc.A.dylib+0x8d94]  objc_autoreleasePoolPop+0xa1
C  [CoreFoundation+0x42612]  _CFAutoreleasePoolPop+0x16
C  [Foundation+0x1e833]  -[NSAutoreleasePool release]+0x83
C  [liblwjgl.dylib+0x16cce]  Java_org_lwjgl_opengl_MacOSXContextImplementation_setView+0x10e
j  org.lwjgl.opengl.MacOSXContextImplementation.setView(Ljava/nio/ByteBuffer;Ljava/nio/ByteBuffer;)V+0
j  org.lwjgl.opengl.MacOSXContextImplementation.makeCurrent(Lorg/lwjgl/opengl/PeerInfo;Ljava/nio/ByteBuffer;)V+7
j  org.lwjgl.opengl.ContextGL.makeCurrent()V+46
j  org.lwjgl.opengl.DrawableGL.makeCurrent()V+14
j  org.lwjgl.opengl.Display.makeCurrent()V+3
j  org.lwjgl.opengl.Display.makeCurrentAndSetSwapInterval()V+0
j  org.lwjgl.opengl.Display.create(Lorg/lwjgl/opengl/PixelFormat;Lorg/lwjgl/opengl/Drawable;Lorg/lwjgl/opengl/ContextAttribs;)V+108
j  org.lwjgl.opengl.Display.create(Lorg/lwjgl/opengl/PixelFormat;)V+12
j  com.jme3.system.lwjgl.LwjglDisplay.createContext(Lcom/jme3/system/AppSettings;)V+394
j  com.jme3.system.lwjgl.LwjglAbstractDisplay.initInThread()Z+25
j  com.jme3.system.lwjgl.LwjglAbstractDisplay.run()V+36
j  java.lang.Thread.run()V+11 java.base@16.0.2
v  ~StubRoutines::call_stub
V  [libjvm.dylib+0x508272]  _ZN9JavaCalls11call_helperEP9JavaValueRK12methodHandleP17JavaCallArgumentsP6Thread+0x2d2
V  [libjvm.dylib+0x5072b7]  _ZN9JavaCalls12call_virtualEP9JavaValueP5KlassP6SymbolS5_P17JavaCallArgumentsP6Thread+0x147
V  [libjvm.dylib+0x507383]  _ZN9JavaCalls12call_virtualEP9JavaValue6HandleP5KlassP6SymbolS6_P6Thread+0x63
V  [libjvm.dylib+0x5b5534]  _ZL12thread_entryP10JavaThreadP6Thread+0xb4
V  [libjvm.dylib+0xa043cd]  _ZN10JavaThread17thread_main_innerEv+0xcd
V  [libjvm.dylib+0xa01d11]  _ZN6Thread8call_runEv+0x71
V  [libjvm.dylib+0x890937]  _ZL19thread_native_entryP6Thread+0x157
C  [libsystem_pthread.dylib+0x6954]  _pthread_start+0xe0
C  [libsystem_pthread.dylib+0x24a7]  thread_start+0xf

Java frames: (J=compiled Java code, j=interpreted, Vv=VM code)
j  org.lwjgl.opengl.MacOSXContextImplementation.setView(Ljava/nio/ByteBuffer;Ljava/nio/ByteBuffer;)V+0
j  org.lwjgl.opengl.MacOSXContextImplementation.makeCurrent(Lorg/lwjgl/opengl/PeerInfo;Ljava/nio/ByteBuffer;)V+7
j  org.lwjgl.opengl.ContextGL.makeCurrent()V+46
j  org.lwjgl.opengl.DrawableGL.makeCurrent()V+14
j  org.lwjgl.opengl.Display.makeCurrent()V+3
j  org.lwjgl.opengl.Display.makeCurrentAndSetSwapInterval()V+0
j  org.lwjgl.opengl.Display.create(Lorg/lwjgl/opengl/PixelFormat;Lorg/lwjgl/opengl/Drawable;Lorg/lwjgl/opengl/ContextAttribs;)V+108
j  org.lwjgl.opengl.Display.create(Lorg/lwjgl/opengl/PixelFormat;)V+12
j  com.jme3.system.lwjgl.LwjglDisplay.createContext(Lcom/jme3/system/AppSettings;)V+394
j  com.jme3.system.lwjgl.LwjglAbstractDisplay.initInThread()Z+25
j  com.jme3.system.lwjgl.LwjglAbstractDisplay.run()V+36
j  java.lang.Thread.run()V+11 java.base@16.0.2
v  ~StubRoutines::call_stub

siginfo: si_signo: 11 (SIGSEGV), si_code: 1 (SEGV_MAPERR), si_addr: 0x0000000000000020

Register to memory mapping:

RAX=0x9000000000000000 is an unknown value
RBX=0x0000000000000001 is an unknown value
RCX=0x0 is NULL
RDX=0x0000000000000005 is an unknown value
RSP=0x000000030b2f1518 is pointing into the stack for thread: 0x00007fc46e827800
RBP=0x000000030b2f1550 is pointing into the stack for thread: 0x00007fc46e827800
RSI=0x00007fc49e4c9ad0 points into unknown readable memory: 0x013d800135a97c67 | 67 7c a9 35 01 80 3d 01
RDI=0x00007fc49e6497a0 points into unknown readable memory: 0x800007fc49e656b3 | b3 56 e6 49 fc 07 00 80
R8 =0x00000000000130a8 is an unknown value
R9 =0x0 is NULL
R10=0x0000000135a97c60: OBJC_CLASS_$_MacOSXOpenGLView+0 in /Users/maddox/Documents/proj/Locus2/locus/liblwjgl.dylib at 0x0000000135a59000
R11=0x00007fff22b304ea: -[NSResponder release]+0 in /System/Library/Frameworks/AppKit.framework/Versions/C/AppKit at 0x00007fff22b25000
R12=0x00007fc49e6497a0 points into unknown readable memory: 0x800007fc49e656b3 | b3 56 e6 49 fc 07 00 80
R13=0xa3a3a3a3a3a3a3a3 is an unknown value
R14=0x00007fc45e817088 points into unknown readable memory: 0x0000000000000000 | 00 00 00 00 00 00 00 00
R15=0x00007fc45e817000 points into unknown readable memory: 0x4f545541a1a1a1a1 | a1 a1 a1 a1 41 55 54 4f


Registers:
RAX=0x9000000000000000, RBX=0x0000000000000001, RCX=0x0000000000000000, RDX=0x0000000000000005
RSP=0x000000030b2f1518, RBP=0x000000030b2f1550, RSI=0x00007fc49e4c9ad0, RDI=0x00007fc49e6497a0
R8 =0x00000000000130a8, R9 =0x0000000000000000, R10=0x0000000135a97c60, R11=0x00007fff22b304ea
R12=0x00007fc49e6497a0, R13=0xa3a3a3a3a3a3a3a3, R14=0x00007fc45e817088, R15=0x00007fc45e817000
RIP=0x00007fff201e641f, EFLAGS=0x0000000000000246, ERR=0x0000000000000004
  TRAPNO=0x000000000000000e

Top of Stack: (sp=0x000000030b2f1518)
0x000000030b2f1518:   00007fff20204343 46ccf986784f0000
0x000000030b2f1528:   00007fc45e817000 00007fc49e4c1560
0x000000030b2f1538:   000000012e11ae68 00007fff7baffb51
0x000000030b2f1548:   00007fc46e827b10 000000030b2f1570
0x000000030b2f1558:   00007fff201e6d94 46ccf986784f0037
0x000000030b2f1568:   00007fc45e817088 000000030b2f1590
0x000000030b2f1578:   00007fff20400612 46ccf986784f0037
0x000000030b2f1588:   00007fc49e4c1560 000000030b2f15d0
0x000000030b2f1598:   00007fff210b0833 00007fff872235b8
0x000000030b2f15a8:   0000000000000000 00007fc49e66dc80
0x000000030b2f15b8:   46ccf986784f0037 00007fc49e718010
0x000000030b2f15c8:   00007fc49e717c30 000000030b2f1600
0x000000030b2f15d8:   0000000135a6fcce 000000012e11ae70
0x000000030b2f15e8:   0000000000000000 000000030b2f1690
0x000000030b2f15f8:   00007fc46e827800 000000030b2f1668
0x000000030b2f1608:   0000000117ebbb06 00000007878b9ec8
0x000000030b2f1618:   0000000117ebb836 000000030b2f1620
0x000000030b2f1628:   000000012e11ae68 000000030b2f1690
0x000000030b2f1638:   000000012e11b3d8 0000000000000000
0x000000030b2f1648:   000000078772de30 000000012e11ae70
0x000000030b2f1658:   0000000000000000 000000030b2f1688
0x000000030b2f1668:   000000030b2f16e0 0000000117eb7449
0x000000030b2f1678:   000000078772de30 0000000117eb9358
0x000000030b2f1688:   0000000787737758 00000007878b9ec8
0x000000030b2f1698:   000000030b2f1698 000000012e11ad6f
0x000000030b2f16a8:   000000030b2f1710 000000012e11b3d8
0x000000030b2f16b8:   0000000000000000 000000078772de30
0x000000030b2f16c8:   000000012e11ade0 000000030b2f1688
0x000000030b2f16d8:   000000030b2f1700 000000030b2f1770
0x000000030b2f16e8:   0000000117eb78c1 0000000000000000
0x000000030b2f16f8:   00000007878b9ec8 0000000787737758
0x000000030b2f1708:   00000007878b9e08 000000078772df58 

Instructions: (pc=0x00007fff201e641f)
0x00007fff201e631f:   00 75 20 4d 85 f6 74 10 49 8b 3e e8 bf fb 01 00
0x00007fff201e632f:   4c 89 f7 e8 b7 fb 01 00 48 c7 05 56 8f 48 60 00
0x00007fff201e633f:   00 00 00 4d 85 e4 74 23 49 8b 3c 24 49 8b 5c 24
0x00007fff201e634f:   08 48 85 ff 74 05 e8 0f fc ff ff 4c 89 e7 e8 8c
0x00007fff201e635f:   fb 01 00 49 89 dc 48 85 db 75 dd 48 8b 05 17 6e
0x00007fff201e636f:   e4 66 48 8b 00 48 3b 45 d8 75 32 48 83 c4 30 5b
0x00007fff201e637f:   41 5c 41 5e 41 5f 5d c3 31 c0 eb 02 b0 01 80 3d
0x00007fff201e638f:   1a 90 48 60 00 0f 84 4a fd ff ff 0f b6 d0 4c 89
0x00007fff201e639f:   ff 31 f6 e8 30 f0 01 00 e9 38 fd ff ff e8 71 fa
0x00007fff201e63af:   01 00 48 8d 3d 05 99 02 00 89 c6 31 c0 e8 36 e6
0x00007fff201e63bf:   01 00 4c 89 ff e8 2d ea 01 00 48 89 c3 65 8b 04
0x00007fff201e63cf:   25 18 00 00 00 31 c9 f0 0f b1 0d fe 8e 48 60 74
0x00007fff201e63df:   0c 48 8d 3d f5 8e 48 60 e8 b6 fb 01 00 48 89 df
0x00007fff201e63ef:   e8 e6 f9 01 00 0f 0b 90 e9 2b 40 00 00 90 90 90
0x00007fff201e63ff:   90 48 85 ff 74 76 89 f8 83 e0 01 48 85 c0 75 6c
0x00007fff201e640f:   48 8b 07 48 b9 f8 ff ff ff ff 7f 00 00 48 21 c1
0x00007fff201e641f:   48 8b 51 20 f6 c2 04 74 54 a8 01 74 6f 48 b9 00
0x00007fff201e642f:   00 00 00 00 00 80 00 48 ba 00 00 00 00 00 00 00
0x00007fff201e643f:   01 48 39 c8 72 36 48 89 c6 48 29 d6 72 17 f0 48
0x00007fff201e644f:   0f b1 37 74 22 a8 01 75 e8 31 f6 ba 01 00 00 00
0x00007fff201e645f:   e9 02 d4 01 00 48 85 c8 75 3a 48 8b 35 40 7d 48
0x00007fff201e646f:   60 ff 25 4a 6d e4 66 48 39 ce 72 ee c3 f6 c2 02
0x00007fff201e647f:   74 0d 66 83 79 1c 00 79 06 f6 41 28 02 75 1f 48
0x00007fff201e648f:   8b 35 43 7c 48 60 ff 25 25 6d e4 66 f6 41 1c 01
0x00007fff201e649f:   74 b7 eb d8 be 01 00 00 00 e9 d3 5a 00 00 48 8b
0x00007fff201e64af:   05 84 f9 42 60 ff e0 90 90 90 90 90 90 90 90 e9
0x00007fff201e64bf:   04 00 00 00 90 90 90 90 55 48 89 e5 53 50 48 89
0x00007fff201e64cf:   fb f6 c3 01 75 21 48 b8 07 00 00 00 00 00 a0 00
0x00007fff201e64df:   48 23 03 48 83 f8 01 75 15 48 89 df 48 83 c4 08
0x00007fff201e64ef:   5b 5d e9 f8 f9 01 00 48 83 c4 08 5b 5d c3 48 89
0x00007fff201e64ff:   df e8 3e 00 00 00 eb e1 90 90 90 90 90 90 90 90
0x00007fff201e650f:   90 90 90 90 90 90 90 48 85 ff 74 1c 55 48 89 e5 


Stack slot to memory mapping:
stack at sp + 0 slots: 0x00007fff20204343: _ZN19AutoreleasePoolPage12releaseUntilEPP11objc_object+0xa7 in /usr/lib/libobjc.A.dylib at 0x00007fff201de000
stack at sp + 1 slots: 0x46ccf986784f0000 is an unknown value
stack at sp + 2 slots: 0x00007fc45e817000 points into unknown readable memory: 0x4f545541a1a1a1a1 | a1 a1 a1 a1 41 55 54 4f
stack at sp + 3 slots: 0x00007fc49e4c1560 points into unknown readable memory: 0x011dffff800b69b9 | b9 69 0b 80 ff ff 1d 01
stack at sp + 4 slots: 0x000000012e11ae68 is pointing into metadata
stack at sp + 5 slots: 0x00007fff7baffb51: GCC_except_table772+0x5b8ec229 in /usr/lib/libobjc.A.dylib at 0x00007fff201de000
stack at sp + 6 slots: 0x00007fc46e827b10 points into unknown readable memory: 0x0000000110459e58 | 58 9e 45 10 01 00 00 00
stack at sp + 7 slots: 0x000000030b2f1570 is pointing into the stack for thread: 0x00007fc46e827800


---------------  P R O C E S S  ---------------

Threads class SMR info:
_java_thread_list=0x00007fc49e46a450, length=14, elements={
0x00007fc46e810a00, 0x00007fc49f081c00, 0x00007fc48e82e400, 0x00007fc49f81fc00,
0x00007fc49f808800, 0x00007fc49e811000, 0x00007fc49e811600, 0x00007fc46e81b200,
0x00007fc49e811c00, 0x00007fc49f082200, 0x00007fc46e827800, 0x00007fc46f008c00,
0x00007fc49f103600, 0x00007fc49e814e00
}

Java Threads: ( => current thread )
  0x00007fc46e810a00 JavaThread "Reference Handler" daemon [_thread_blocked, id=22367, stack(0x000000030a5c1000,0x000000030a6c1000)]
  0x00007fc49f081c00 JavaThread "Finalizer" daemon [_thread_blocked, id=42755, stack(0x000000030a6c4000,0x000000030a7c4000)]
  0x00007fc48e82e400 JavaThread "Signal Dispatcher" daemon [_thread_blocked, id=40451, stack(0x000000030a8d7000,0x000000030a9d7000)]
  0x00007fc49f81fc00 JavaThread "Service Thread" daemon [_thread_blocked, id=40195, stack(0x000000030a9da000,0x000000030aada000)]
  0x00007fc49f808800 JavaThread "Monitor Deflation Thread" daemon [_thread_blocked, id=39683, stack(0x000000030aadd000,0x000000030abdd000)]
  0x00007fc49e811000 JavaThread "C2 CompilerThread0" daemon [_thread_blocked, id=25859, stack(0x000000030abe0000,0x000000030ace0000)]
  0x00007fc49e811600 JavaThread "C1 CompilerThread0" daemon [_thread_blocked, id=26115, stack(0x000000030ace3000,0x000000030ade3000)]
  0x00007fc46e81b200 JavaThread "Sweeper thread" daemon [_thread_blocked, id=26627, stack(0x000000030ade6000,0x000000030aee6000)]
  0x00007fc49e811c00 JavaThread "Notification Thread" daemon [_thread_blocked, id=27183, stack(0x000000030aee9000,0x000000030afe9000)]
  0x00007fc49f082200 JavaThread "Common-Cleaner" daemon [_thread_blocked, id=37663, stack(0x000000030b0ef000,0x000000030b1ef000)]
=>0x00007fc46e827800 JavaThread "jME3 Main" [_thread_in_native, id=37147, stack(0x000000030b1f2000,0x000000030b2f2000)]
  0x00007fc46f008c00 JavaThread "DestroyJavaVM" [_thread_blocked, id=8451, stack(0x0000000309eac000,0x0000000309fac000)]
  0x00007fc49f103600 JavaThread "AppKit Thread" daemon [_thread_in_native, id=259, stack(0x0000000309629000,0x0000000309e29000)]
  0x00007fc49e814e00 JavaThread "AWT-Shutdown" [_thread_blocked, id=46643, stack(0x000000030b2f5000,0x000000030b3f5000)]

Other Threads:
  0x00007fc49e438670 VMThread "VM Thread" [stack: 0x000000030a4be000,0x000000030a5be000] [id=21763]
  0x00007fc49e7063b0 WatcherThread [stack: 0x000000030afec000,0x000000030b0ec000] [id=27651]
  0x00007fc49e415d40 GCTaskThread "GC Thread#0" [stack: 0x0000000309faf000,0x000000030a0af000] [id=13059]
  0x00007fc4a0004b40 ConcurrentGCThread "G1 Main Marker" [stack: 0x000000030a0b2000,0x000000030a1b2000] [id=17923]
  0x00007fc4a0005580 ConcurrentGCThread "G1 Conc#0" [stack: 0x000000030a1b5000,0x000000030a2b5000] [id=17667]
  0x00007fc49e42fff0 ConcurrentGCThread "G1 Refine#0" [stack: 0x000000030a2b8000,0x000000030a3b8000] [id=17155]
  0x00007fc49e430e80 ConcurrentGCThread "G1 Service" [stack: 0x000000030a3bb000,0x000000030a4bb000] [id=15363]

Threads with active compile tasks:

VM state: not at safepoint (normal execution)

VM Mutex/Monitor currently owned by a thread: None

Heap address: 0x0000000780000000, size: 2048 MB, Compressed Oops mode: Zero based, Oop shift amount: 3

CDS archive(s) mapped at: [0x0000000800000000-0x0000000800bbb000-0x0000000800bbb000), size 12300288, SharedBaseAddress: 0x0000000800000000, ArchiveRelocationMode: 0.
Compressed class space mapped at: 0x0000000800c00000-0x0000000840c00000, reserved size: 1073741824
Narrow klass base: 0x0000000800000000, Narrow klass shift: 3, Narrow klass range: 0x100000000

GC Precious Log:
 CPUs: 8 total, 8 available
 Memory: 8192M
 Large Page Support: Disabled
 NUMA Support: Disabled
 Compressed Oops: Enabled (Zero based)
 Heap Region Size: 1M
 Heap Min Capacity: 8M
 Heap Initial Capacity: 128M
 Heap Max Capacity: 2G
 Pre-touch: Disabled
 Parallel Workers: 8
 Concurrent Workers: 2
 Concurrent Refinement Workers: 8
 Periodic GC: Disabled

Heap:
 garbage-first heap   total 133120K, used 10184K [0x0000000780000000, 0x0000000800000000)
  region size 1024K, 9 young (9216K), 0 survivors (0K)
 Metaspace       used 3628K, committed 3776K, reserved 1056768K
  class space    used 332K, committed 448K, reserved 1048576K

Heap Regions: E=young(eden), S=young(survivor), O=old, HS=humongous(starts), HC=humongous(continues), CS=collection set, F=free, OA=open archive, CA=closed archive, TAMS=top-at-mark-start (previous, next)
|   0|0x0000000780000000, 0x0000000780100000, 0x0000000780100000|100%|HS|  |TAMS 0x0000000780000000, 0x0000000780000000| Complete 
|   1|0x0000000780100000, 0x0000000780100000, 0x0000000780200000|  0%| F|  |TAMS 0x0000000780100000, 0x0000000780100000| Untracked 
|   2|0x0000000780200000, 0x0000000780200000, 0x0000000780300000|  0%| F|  |TAMS 0x0000000780200000, 0x0000000780200000| Untracked 
|   3|0x0000000780300000, 0x0000000780300000, 0x0000000780400000|  0%| F|  |TAMS 0x0000000780300000, 0x0000000780300000| Untracked 
|   4|0x0000000780400000, 0x0000000780400000, 0x0000000780500000|  0%| F|  |TAMS 0x0000000780400000, 0x0000000780400000| Untracked 
|   5|0x0000000780500000, 0x0000000780500000, 0x0000000780600000|  0%| F|  |TAMS 0x0000000780500000, 0x0000000780500000| Untracked 
|   6|0x0000000780600000, 0x0000000780600000, 0x0000000780700000|  0%| F|  |TAMS 0x0000000780600000, 0x0000000780600000| Untracked 
|   7|0x0000000780700000, 0x0000000780700000, 0x0000000780800000|  0%| F|  |TAMS 0x0000000780700000, 0x0000000780700000| Untracked 
|   8|0x0000000780800000, 0x0000000780800000, 0x0000000780900000|  0%| F|  |TAMS 0x0000000780800000, 0x0000000780800000| Untracked 
|   9|0x0000000780900000, 0x0000000780900000, 0x0000000780a00000|  0%| F|  |TAMS 0x0000000780900000, 0x0000000780900000| Untracked 
|  10|0x0000000780a00000, 0x0000000780a00000, 0x0000000780b00000|  0%| F|  |TAMS 0x0000000780a00000, 0x0000000780a00000| Untracked 
|  11|0x0000000780b00000, 0x0000000780b00000, 0x0000000780c00000|  0%| F|  |TAMS 0x0000000780b00000, 0x0000000780b00000| Untracked 
|  12|0x0000000780c00000, 0x0000000780c00000, 0x0000000780d00000|  0%| F|  |TAMS 0x0000000780c00000, 0x0000000780c00000| Untracked 
|  13|0x0000000780d00000, 0x0000000780d00000, 0x0000000780e00000|  0%| F|  |TAMS 0x0000000780d00000, 0x0000000780d00000| Untracked 
|  14|0x0000000780e00000, 0x0000000780e00000, 0x0000000780f00000|  0%| F|  |TAMS 0x0000000780e00000, 0x0000000780e00000| Untracked 
|  15|0x0000000780f00000, 0x0000000780f00000, 0x0000000781000000|  0%| F|  |TAMS 0x0000000780f00000, 0x0000000780f00000| Untracked 
|  16|0x0000000781000000, 0x0000000781000000, 0x0000000781100000|  0%| F|  |TAMS 0x0000000781000000, 0x0000000781000000| Untracked 
|  17|0x0000000781100000, 0x0000000781100000, 0x0000000781200000|  0%| F|  |TAMS 0x0000000781100000, 0x0000000781100000| Untracked 
|  18|0x0000000781200000, 0x0000000781200000, 0x0000000781300000|  0%| F|  |TAMS 0x0000000781200000, 0x0000000781200000| Untracked 
|  19|0x0000000781300000, 0x0000000781300000, 0x0000000781400000|  0%| F|  |TAMS 0x0000000781300000, 0x0000000781300000| Untracked 
|  20|0x0000000781400000, 0x0000000781400000, 0x0000000781500000|  0%| F|  |TAMS 0x0000000781400000, 0x0000000781400000| Untracked 
|  21|0x0000000781500000, 0x0000000781500000, 0x0000000781600000|  0%| F|  |TAMS 0x0000000781500000, 0x0000000781500000| Untracked 
|  22|0x0000000781600000, 0x0000000781600000, 0x0000000781700000|  0%| F|  |TAMS 0x0000000781600000, 0x0000000781600000| Untracked 
|  23|0x0000000781700000, 0x0000000781700000, 0x0000000781800000|  0%| F|  |TAMS 0x0000000781700000, 0x0000000781700000| Untracked 
|  24|0x0000000781800000, 0x0000000781800000, 0x0000000781900000|  0%| F|  |TAMS 0x0000000781800000, 0x0000000781800000| Untracked 
|  25|0x0000000781900000, 0x0000000781900000, 0x0000000781a00000|  0%| F|  |TAMS 0x0000000781900000, 0x0000000781900000| Untracked 
|  26|0x0000000781a00000, 0x0000000781a00000, 0x0000000781b00000|  0%| F|  |TAMS 0x0000000781a00000, 0x0000000781a00000| Untracked 
|  27|0x0000000781b00000, 0x0000000781b00000, 0x0000000781c00000|  0%| F|  |TAMS 0x0000000781b00000, 0x0000000781b00000| Untracked 
|  28|0x0000000781c00000, 0x0000000781c00000, 0x0000000781d00000|  0%| F|  |TAMS 0x0000000781c00000, 0x0000000781c00000| Untracked 
|  29|0x0000000781d00000, 0x0000000781d00000, 0x0000000781e00000|  0%| F|  |TAMS 0x0000000781d00000, 0x0000000781d00000| Untracked 
|  30|0x0000000781e00000, 0x0000000781e00000, 0x0000000781f00000|  0%| F|  |TAMS 0x0000000781e00000, 0x0000000781e00000| Untracked 
|  31|0x0000000781f00000, 0x0000000781f00000, 0x0000000782000000|  0%| F|  |TAMS 0x0000000781f00000, 0x0000000781f00000| Untracked 
|  32|0x0000000782000000, 0x0000000782000000, 0x0000000782100000|  0%| F|  |TAMS 0x0000000782000000, 0x0000000782000000| Untracked 
|  33|0x0000000782100000, 0x0000000782100000, 0x0000000782200000|  0%| F|  |TAMS 0x0000000782100000, 0x0000000782100000| Untracked 
|  34|0x0000000782200000, 0x0000000782200000, 0x0000000782300000|  0%| F|  |TAMS 0x0000000782200000, 0x0000000782200000| Untracked 
|  35|0x0000000782300000, 0x0000000782300000, 0x0000000782400000|  0%| F|  |TAMS 0x0000000782300000, 0x0000000782300000| Untracked 
|  36|0x0000000782400000, 0x0000000782400000, 0x0000000782500000|  0%| F|  |TAMS 0x0000000782400000, 0x0000000782400000| Untracked 
|  37|0x0000000782500000, 0x0000000782500000, 0x0000000782600000|  0%| F|  |TAMS 0x0000000782500000, 0x0000000782500000| Untracked 
|  38|0x0000000782600000, 0x0000000782600000, 0x0000000782700000|  0%| F|  |TAMS 0x0000000782600000, 0x0000000782600000| Untracked 
|  39|0x0000000782700000, 0x0000000782700000, 0x0000000782800000|  0%| F|  |TAMS 0x0000000782700000, 0x0000000782700000| Untracked 
|  40|0x0000000782800000, 0x0000000782800000, 0x0000000782900000|  0%| F|  |TAMS 0x0000000782800000, 0x0000000782800000| Untracked 
|  41|0x0000000782900000, 0x0000000782900000, 0x0000000782a00000|  0%| F|  |TAMS 0x0000000782900000, 0x0000000782900000| Untracked 
|  42|0x0000000782a00000, 0x0000000782a00000, 0x0000000782b00000|  0%| F|  |TAMS 0x0000000782a00000, 0x0000000782a00000| Untracked 
|  43|0x0000000782b00000, 0x0000000782b00000, 0x0000000782c00000|  0%| F|  |TAMS 0x0000000782b00000, 0x0000000782b00000| Untracked 
|  44|0x0000000782c00000, 0x0000000782c00000, 0x0000000782d00000|  0%| F|  |TAMS 0x0000000782c00000, 0x0000000782c00000| Untracked 
|  45|0x0000000782d00000, 0x0000000782d00000, 0x0000000782e00000|  0%| F|  |TAMS 0x0000000782d00000, 0x0000000782d00000| Untracked 
|  46|0x0000000782e00000, 0x0000000782e00000, 0x0000000782f00000|  0%| F|  |TAMS 0x0000000782e00000, 0x0000000782e00000| Untracked 
|  47|0x0000000782f00000, 0x0000000782f00000, 0x0000000783000000|  0%| F|  |TAMS 0x0000000782f00000, 0x0000000782f00000| Untracked 
|  48|0x0000000783000000, 0x0000000783000000, 0x0000000783100000|  0%| F|  |TAMS 0x0000000783000000, 0x0000000783000000| Untracked 
|  49|0x0000000783100000, 0x0000000783100000, 0x0000000783200000|  0%| F|  |TAMS 0x0000000783100000, 0x0000000783100000| Untracked 
|  50|0x0000000783200000, 0x0000000783200000, 0x0000000783300000|  0%| F|  |TAMS 0x0000000783200000, 0x0000000783200000| Untracked 
|  51|0x0000000783300000, 0x0000000783300000, 0x0000000783400000|  0%| F|  |TAMS 0x0000000783300000, 0x0000000783300000| Untracked 
|  52|0x0000000783400000, 0x0000000783400000, 0x0000000783500000|  0%| F|  |TAMS 0x0000000783400000, 0x0000000783400000| Untracked 
|  53|0x0000000783500000, 0x0000000783500000, 0x0000000783600000|  0%| F|  |TAMS 0x0000000783500000, 0x0000000783500000| Untracked 
|  54|0x0000000783600000, 0x0000000783600000, 0x0000000783700000|  0%| F|  |TAMS 0x0000000783600000, 0x0000000783600000| Untracked 
|  55|0x0000000783700000, 0x0000000783700000, 0x0000000783800000|  0%| F|  |TAMS 0x0000000783700000, 0x0000000783700000| Untracked 
|  56|0x0000000783800000, 0x0000000783800000, 0x0000000783900000|  0%| F|  |TAMS 0x0000000783800000, 0x0000000783800000| Untracked 
|  57|0x0000000783900000, 0x0000000783900000, 0x0000000783a00000|  0%| F|  |TAMS 0x0000000783900000, 0x0000000783900000| Untracked 
|  58|0x0000000783a00000, 0x0000000783a00000, 0x0000000783b00000|  0%| F|  |TAMS 0x0000000783a00000, 0x0000000783a00000| Untracked 
|  59|0x0000000783b00000, 0x0000000783b00000, 0x0000000783c00000|  0%| F|  |TAMS 0x0000000783b00000, 0x0000000783b00000| Untracked 
|  60|0x0000000783c00000, 0x0000000783c00000, 0x0000000783d00000|  0%| F|  |TAMS 0x0000000783c00000, 0x0000000783c00000| Untracked 
|  61|0x0000000783d00000, 0x0000000783d00000, 0x0000000783e00000|  0%| F|  |TAMS 0x0000000783d00000, 0x0000000783d00000| Untracked 
|  62|0x0000000783e00000, 0x0000000783e00000, 0x0000000783f00000|  0%| F|  |TAMS 0x0000000783e00000, 0x0000000783e00000| Untracked 
|  63|0x0000000783f00000, 0x0000000783f00000, 0x0000000784000000|  0%| F|  |TAMS 0x0000000783f00000, 0x0000000783f00000| Untracked 
|  64|0x0000000784000000, 0x0000000784000000, 0x0000000784100000|  0%| F|  |TAMS 0x0000000784000000, 0x0000000784000000| Untracked 
|  65|0x0000000784100000, 0x0000000784100000, 0x0000000784200000|  0%| F|  |TAMS 0x0000000784100000, 0x0000000784100000| Untracked 
|  66|0x0000000784200000, 0x0000000784200000, 0x0000000784300000|  0%| F|  |TAMS 0x0000000784200000, 0x0000000784200000| Untracked 
|  67|0x0000000784300000, 0x0000000784300000, 0x0000000784400000|  0%| F|  |TAMS 0x0000000784300000, 0x0000000784300000| Untracked 
|  68|0x0000000784400000, 0x0000000784400000, 0x0000000784500000|  0%| F|  |TAMS 0x0000000784400000, 0x0000000784400000| Untracked 
|  69|0x0000000784500000, 0x0000000784500000, 0x0000000784600000|  0%| F|  |TAMS 0x0000000784500000, 0x0000000784500000| Untracked 
|  70|0x0000000784600000, 0x0000000784600000, 0x0000000784700000|  0%| F|  |TAMS 0x0000000784600000, 0x0000000784600000| Untracked 
|  71|0x0000000784700000, 0x0000000784700000, 0x0000000784800000|  0%| F|  |TAMS 0x0000000784700000, 0x0000000784700000| Untracked 
|  72|0x0000000784800000, 0x0000000784800000, 0x0000000784900000|  0%| F|  |TAMS 0x0000000784800000, 0x0000000784800000| Untracked 
|  73|0x0000000784900000, 0x0000000784900000, 0x0000000784a00000|  0%| F|  |TAMS 0x0000000784900000, 0x0000000784900000| Untracked 
|  74|0x0000000784a00000, 0x0000000784a00000, 0x0000000784b00000|  0%| F|  |TAMS 0x0000000784a00000, 0x0000000784a00000| Untracked 
|  75|0x0000000784b00000, 0x0000000784b00000, 0x0000000784c00000|  0%| F|  |TAMS 0x0000000784b00000, 0x0000000784b00000| Untracked 
|  76|0x0000000784c00000, 0x0000000784c00000, 0x0000000784d00000|  0%| F|  |TAMS 0x0000000784c00000, 0x0000000784c00000| Untracked 
|  77|0x0000000784d00000, 0x0000000784d00000, 0x0000000784e00000|  0%| F|  |TAMS 0x0000000784d00000, 0x0000000784d00000| Untracked 
|  78|0x0000000784e00000, 0x0000000784e00000, 0x0000000784f00000|  0%| F|  |TAMS 0x0000000784e00000, 0x0000000784e00000| Untracked 
|  79|0x0000000784f00000, 0x0000000784f00000, 0x0000000785000000|  0%| F|  |TAMS 0x0000000784f00000, 0x0000000784f00000| Untracked 
|  80|0x0000000785000000, 0x0000000785000000, 0x0000000785100000|  0%| F|  |TAMS 0x0000000785000000, 0x0000000785000000| Untracked 
|  81|0x0000000785100000, 0x0000000785100000, 0x0000000785200000|  0%| F|  |TAMS 0x0000000785100000, 0x0000000785100000| Untracked 
|  82|0x0000000785200000, 0x0000000785200000, 0x0000000785300000|  0%| F|  |TAMS 0x0000000785200000, 0x0000000785200000| Untracked 
|  83|0x0000000785300000, 0x0000000785300000, 0x0000000785400000|  0%| F|  |TAMS 0x0000000785300000, 0x0000000785300000| Untracked 
|  84|0x0000000785400000, 0x0000000785400000, 0x0000000785500000|  0%| F|  |TAMS 0x0000000785400000, 0x0000000785400000| Untracked 
|  85|0x0000000785500000, 0x0000000785500000, 0x0000000785600000|  0%| F|  |TAMS 0x0000000785500000, 0x0000000785500000| Untracked 
|  86|0x0000000785600000, 0x0000000785600000, 0x0000000785700000|  0%| F|  |TAMS 0x0000000785600000, 0x0000000785600000| Untracked 
|  87|0x0000000785700000, 0x0000000785700000, 0x0000000785800000|  0%| F|  |TAMS 0x0000000785700000, 0x0000000785700000| Untracked 
|  88|0x0000000785800000, 0x0000000785800000, 0x0000000785900000|  0%| F|  |TAMS 0x0000000785800000, 0x0000000785800000| Untracked 
|  89|0x0000000785900000, 0x0000000785900000, 0x0000000785a00000|  0%| F|  |TAMS 0x0000000785900000, 0x0000000785900000| Untracked 
|  90|0x0000000785a00000, 0x0000000785a00000, 0x0000000785b00000|  0%| F|  |TAMS 0x0000000785a00000, 0x0000000785a00000| Untracked 
|  91|0x0000000785b00000, 0x0000000785b00000, 0x0000000785c00000|  0%| F|  |TAMS 0x0000000785b00000, 0x0000000785b00000| Untracked 
|  92|0x0000000785c00000, 0x0000000785c00000, 0x0000000785d00000|  0%| F|  |TAMS 0x0000000785c00000, 0x0000000785c00000| Untracked 
|  93|0x0000000785d00000, 0x0000000785d00000, 0x0000000785e00000|  0%| F|  |TAMS 0x0000000785d00000, 0x0000000785d00000| Untracked 
|  94|0x0000000785e00000, 0x0000000785e00000, 0x0000000785f00000|  0%| F|  |TAMS 0x0000000785e00000, 0x0000000785e00000| Untracked 
|  95|0x0000000785f00000, 0x0000000785f00000, 0x0000000786000000|  0%| F|  |TAMS 0x0000000785f00000, 0x0000000785f00000| Untracked 
|  96|0x0000000786000000, 0x0000000786000000, 0x0000000786100000|  0%| F|  |TAMS 0x0000000786000000, 0x0000000786000000| Untracked 
|  97|0x0000000786100000, 0x0000000786100000, 0x0000000786200000|  0%| F|  |TAMS 0x0000000786100000, 0x0000000786100000| Untracked 
|  98|0x0000000786200000, 0x0000000786200000, 0x0000000786300000|  0%| F|  |TAMS 0x0000000786200000, 0x0000000786200000| Untracked 
|  99|0x0000000786300000, 0x0000000786300000, 0x0000000786400000|  0%| F|  |TAMS 0x0000000786300000, 0x0000000786300000| Untracked 
| 100|0x0000000786400000, 0x0000000786400000, 0x0000000786500000|  0%| F|  |TAMS 0x0000000786400000, 0x0000000786400000| Untracked 
| 101|0x0000000786500000, 0x0000000786500000, 0x0000000786600000|  0%| F|  |TAMS 0x0000000786500000, 0x0000000786500000| Untracked 
| 102|0x0000000786600000, 0x0000000786600000, 0x0000000786700000|  0%| F|  |TAMS 0x0000000786600000, 0x0000000786600000| Untracked 
| 103|0x0000000786700000, 0x0000000786700000, 0x0000000786800000|  0%| F|  |TAMS 0x0000000786700000, 0x0000000786700000| Untracked 
| 104|0x0000000786800000, 0x0000000786800000, 0x0000000786900000|  0%| F|  |TAMS 0x0000000786800000, 0x0000000786800000| Untracked 
| 105|0x0000000786900000, 0x0000000786900000, 0x0000000786a00000|  0%| F|  |TAMS 0x0000000786900000, 0x0000000786900000| Untracked 
| 106|0x0000000786a00000, 0x0000000786a00000, 0x0000000786b00000|  0%| F|  |TAMS 0x0000000786a00000, 0x0000000786a00000| Untracked 
| 107|0x0000000786b00000, 0x0000000786b00000, 0x0000000786c00000|  0%| F|  |TAMS 0x0000000786b00000, 0x0000000786b00000| Untracked 
| 108|0x0000000786c00000, 0x0000000786c00000, 0x0000000786d00000|  0%| F|  |TAMS 0x0000000786c00000, 0x0000000786c00000| Untracked 
| 109|0x0000000786d00000, 0x0000000786d00000, 0x0000000786e00000|  0%| F|  |TAMS 0x0000000786d00000, 0x0000000786d00000| Untracked 
| 110|0x0000000786e00000, 0x0000000786e00000, 0x0000000786f00000|  0%| F|  |TAMS 0x0000000786e00000, 0x0000000786e00000| Untracked 
| 111|0x0000000786f00000, 0x0000000786f00000, 0x0000000787000000|  0%| F|  |TAMS 0x0000000786f00000, 0x0000000786f00000| Untracked 
| 112|0x0000000787000000, 0x0000000787000000, 0x0000000787100000|  0%| F|  |TAMS 0x0000000787000000, 0x0000000787000000| Untracked 
| 113|0x0000000787100000, 0x0000000787100000, 0x0000000787200000|  0%| F|  |TAMS 0x0000000787100000, 0x0000000787100000| Untracked 
| 114|0x0000000787200000, 0x0000000787200000, 0x0000000787300000|  0%| F|  |TAMS 0x0000000787200000, 0x0000000787200000| Untracked 
| 115|0x0000000787300000, 0x0000000787300000, 0x0000000787400000|  0%| F|  |TAMS 0x0000000787300000, 0x0000000787300000| Untracked 
| 116|0x0000000787400000, 0x0000000787400000, 0x0000000787500000|  0%| F|  |TAMS 0x0000000787400000, 0x0000000787400000| Untracked 
| 117|0x0000000787500000, 0x0000000787500000, 0x0000000787600000|  0%| F|  |TAMS 0x0000000787500000, 0x0000000787500000| Untracked 
| 118|0x0000000787600000, 0x0000000787600000, 0x0000000787700000|  0%| F|  |TAMS 0x0000000787600000, 0x0000000787600000| Untracked 
| 119|0x0000000787700000, 0x0000000787777058, 0x0000000787800000| 46%| E|  |TAMS 0x0000000787700000, 0x0000000787700000| Complete 
| 120|0x0000000787800000, 0x0000000787900000, 0x0000000787900000|100%| E|CS|TAMS 0x0000000787800000, 0x0000000787800000| Complete 
| 121|0x0000000787900000, 0x0000000787a00000, 0x0000000787a00000|100%| E|CS|TAMS 0x0000000787900000, 0x0000000787900000| Complete 
| 122|0x0000000787a00000, 0x0000000787b00000, 0x0000000787b00000|100%| E|CS|TAMS 0x0000000787a00000, 0x0000000787a00000| Complete 
| 123|0x0000000787b00000, 0x0000000787c00000, 0x0000000787c00000|100%| E|CS|TAMS 0x0000000787b00000, 0x0000000787b00000| Complete 
| 124|0x0000000787c00000, 0x0000000787d00000, 0x0000000787d00000|100%| E|CS|TAMS 0x0000000787c00000, 0x0000000787c00000| Complete 
| 125|0x0000000787d00000, 0x0000000787e00000, 0x0000000787e00000|100%| E|CS|TAMS 0x0000000787d00000, 0x0000000787d00000| Complete 
| 126|0x0000000787e00000, 0x0000000787f00000, 0x0000000787f00000|100%| E|CS|TAMS 0x0000000787e00000, 0x0000000787e00000| Complete 
| 127|0x0000000787f00000, 0x0000000788000000, 0x0000000788000000|100%| E|CS|TAMS 0x0000000787f00000, 0x0000000787f00000| Complete 
|1022|0x00000007bfe00000, 0x00000007bfe75000, 0x00000007bff00000| 45%|OA|  |TAMS 0x00000007bfe00000, 0x00000007bfe00000| Untracked 
|1023|0x00000007bff00000, 0x00000007bff7d000, 0x00000007c0000000| 48%|CA|  |TAMS 0x00000007bff00000, 0x00000007bff00000| Untracked 

Card table byte_map: [0x00000001272ae000,0x00000001276ae000] _byte_map_base: 0x00000001236ae000

Marking Bits (Prev, Next): (CMBitMap*) 0x00007fc48f008810, (CMBitMap*) 0x00007fc48f008850
 Prev Bits: [0x0000000127aae000, 0x0000000129aae000)
 Next Bits: [0x0000000129aae000, 0x000000012baae000)

Polling page: 0x000000010b07d000

Metaspace:

Usage:
  Non-class:      3.22 MB used.
      Class:    332.59 KB used.
       Both:      3.54 MB used.

Virtual space:
  Non-class space:        8.00 MB reserved,       3.25 MB ( 41%) committed,  1 nodes.
      Class space:        1.00 GB reserved,     448.00 KB ( <1%) committed,  1 nodes.
              Both:        1.01 GB reserved,       3.69 MB ( <1%) committed. 

Chunk freelists:
   Non-Class:  2.88 MB
       Class:  3.59 MB
        Both:  6.47 MB

MaxMetaspaceSize: 17179869184.00 GB
CompressedClassSpaceSize: 1.00 GB
 - commit_granule_bytes: 65536.
 - commit_granule_words: 8192.
 - virtual_space_node_default_size: 1048576.
 - enlarge_chunks_in_place: 1.
 - new_chunks_are_fully_committed: 0.
 - uncommit_free_chunks: 1.
 - use_allocation_guard: 0.
 - handle_deallocations: 1.


Internal statistics:

num_allocs_failed_limit: 0.
num_arena_births: 56.
num_arena_deaths: 0.
num_vsnodes_births: 2.
num_vsnodes_deaths: 0.
num_space_committed: 59.
num_space_uncommitted: 0.
num_chunks_returned_to_freelist: 0.
num_chunks_taken_from_freelist: 116.
num_chunk_merges: 0.
num_chunk_splits: 81.
num_chunks_enlarged: 62.
num_purges: 0.

CodeHeap 'non-profiled nmethods': size=120028Kb used=170Kb max_used=170Kb free=119857Kb
 bounds [0x000000011f977000, 0x000000011fbe7000, 0x0000000126eae000]
CodeHeap 'profiled nmethods': size=120028Kb used=998Kb max_used=998Kb free=119029Kb
 bounds [0x0000000118440000, 0x00000001186b0000, 0x000000011f977000]
CodeHeap 'non-nmethods': size=5704Kb used=1176Kb max_used=1183Kb free=4527Kb
 bounds [0x0000000117eae000, 0x000000011811e000, 0x0000000118440000]
 total_blobs=1092 nmethods=620 adapters=387
 compilation: enabled
              stopped_count=0, restarted_count=0
 full_count=0

Compilation events (20 events):
Event: 2.459 Thread 0x00007fc49e811600  614       1       java.util.LinkedHashMap::removeEldestEntry (2 bytes)
Event: 2.459 Thread 0x00007fc49e811600 nmethod 614 0x000000011f9a0c10 code [0x000000011f9a0da0, 0x000000011f9a0e70]
Event: 2.459 Thread 0x00007fc49e811600  615       1       java.lang.reflect.Field::getDeclaringClass (5 bytes)
Event: 2.460 Thread 0x00007fc49e811600 nmethod 615 0x000000011f9a0f10 code [0x000000011f9a10a0, 0x000000011f9a1170]
Event: 2.460 Thread 0x00007fc49e811600  616       1       java.lang.reflect.Field::getModifiers (5 bytes)
Event: 2.461 Thread 0x00007fc49e811600 nmethod 616 0x000000011f9a1210 code [0x000000011f9a13a0, 0x000000011f9a1470]
Event: 2.461 Thread 0x00007fc49e811600  617       3       java.lang.reflect.Modifier::isFinal (13 bytes)
Event: 2.461 Thread 0x00007fc49e811600 nmethod 617 0x0000000118538190 code [0x0000000118538320, 0x0000000118538470]
Event: 2.461 Thread 0x00007fc49e811600  620       3       java.lang.Integer::valueOf (32 bytes)
Event: 2.462 Thread 0x00007fc49e811600 nmethod 620 0x0000000118538510 code [0x00000001185386e0, 0x0000000118538a10]
Event: 2.462 Thread 0x00007fc49e811600  618       3       java.lang.String::substring (10 bytes)
Event: 2.462 Thread 0x00007fc49e811600 nmethod 618 0x0000000118538b90 code [0x0000000118538d40, 0x0000000118538f60]
Event: 2.462 Thread 0x00007fc49e811600  619       1       java.lang.reflect.Field::getType (5 bytes)
Event: 2.462 Thread 0x00007fc49e811600 nmethod 619 0x000000011f9a1510 code [0x000000011f9a16a0, 0x000000011f9a1770]
Event: 2.463 Thread 0x00007fc49e811600  621       1       java.lang.reflect.Field::getRoot (5 bytes)
Event: 2.463 Thread 0x00007fc49e811600 nmethod 621 0x000000011f9a1810 code [0x000000011f9a19a0, 0x000000011f9a1a70]
Event: 2.464 Thread 0x00007fc49e811600  622       3       java.lang.reflect.Field::setFieldAccessor (34 bytes)
Event: 2.464 Thread 0x00007fc49e811600 nmethod 622 0x0000000118539090 code [0x0000000118539260, 0x00000001185396a0]
Event: 2.467 Thread 0x00007fc49e811600  623       3       java.nio.Buffer::remaining (20 bytes)
Event: 2.467 Thread 0x00007fc49e811600 nmethod 623 0x0000000118539790 code [0x0000000118539940, 0x0000000118539ad0]

GC Heap History (0 events):
No events

Deoptimization events (0 events):
No events

Classes unloaded (0 events):
No events

Classes redefined (0 events):
No events

Internal exceptions (9 events):
Event: 0.762 Thread 0x00007fc48f008200 Exception <a 'java/lang/NoSuchMethodError'{0x0000000787e50550}: 'void java.lang.invoke.DirectMethodHandle$Holder.invokeSpecial(java.lang.Object, java.lang.Object, java.lang.Object)'> (0x0000000787e50550) 
thrown [./open/src/hotspot/share/interpreter/linkResolver.cpp, line 790]
Event: 0.983 Thread 0x00007fc48f008200 Exception <a 'java/lang/NoSuchMethodError'{0x0000000787cbaa68}: 'java.lang.Object java.lang.invoke.DirectMethodHandle$Holder.invokeStatic(java.lang.Object, int, java.lang.Object)'> (0x0000000787cbaa68) 
thrown [./open/src/hotspot/share/interpreter/linkResolver.cpp, line 790]
Event: 0.993 Thread 0x00007fc48f008200 Exception <a 'java/lang/NoSuchMethodError'{0x0000000787cc2c08}: 'java.lang.Object java.lang.invoke.DirectMethodHandle$Holder.invokeStatic(java.lang.Object)'> (0x0000000787cc2c08) 
thrown [./open/src/hotspot/share/interpreter/linkResolver.cpp, line 790]
Event: 1.000 Thread 0x00007fc48f008200 Exception <a 'java/lang/NoSuchMethodError'{0x0000000787cc65b8}: 'java.lang.Object java.lang.invoke.DirectMethodHandle$Holder.invokeStaticInit(java.lang.Object)'> (0x0000000787cc65b8) 
thrown [./open/src/hotspot/share/interpreter/linkResolver.cpp, line 790]
Event: 1.090 Thread 0x00007fc48f008200 Exception <a 'java/lang/ClassNotFoundException'{0x0000000787b0ba68}: sun/util/logging/resources/spi/loggingProvider> (0x0000000787b0ba68) 
thrown [./open/src/hotspot/share/classfile/systemDictionary.cpp, line 256]
Event: 1.669 Thread 0x00007fc46e827800 Exception <a 'java/lang/ClassNotFoundException'{0x00000007879abea8}: sun/awt/resources/spi/awtProvider> (0x00000007879abea8) 
thrown [./open/src/hotspot/share/classfile/systemDictionary.cpp, line 256]
Event: 1.717 Thread 0x00007fc46e827800 Exception <a 'java/io/FileNotFoundException'{0x00000007879b2510}> (0x00000007879b2510) 
thrown [./open/src/hotspot/share/prims/jni.cpp, line 579]
Event: 1.786 Thread 0x00007fc46e827800 Exception <a 'java/io/FileNotFoundException'{0x00000007879e0b90}> (0x00000007879e0b90) 
thrown [./open/src/hotspot/share/prims/jni.cpp, line 579]
Event: 1.789 Thread 0x00007fc46e827800 Exception <a 'java/lang/ClassNotFoundException'{0x00000007879e48c8}: sun/awt/resources/spi/awtosxProvider> (0x00000007879e48c8) 
thrown [./open/src/hotspot/share/classfile/systemDictionary.cpp, line 256]

Events (20 events):
Event: 2.376 loading class jdk/internal/reflect/UnsafeQualifiedStaticFieldAccessorImpl done
Event: 2.377 loading class jdk/internal/reflect/UnsafeQualifiedStaticObjectFieldAccessorImpl done
Event: 2.378 loading class jdk/internal/access/foreign/MemorySegmentProxy
Event: 2.378 loading class jdk/internal/access/foreign/MemorySegmentProxy done
Event: 2.385 loading class java/nio/StringCharBuffer
Event: 2.386 loading class java/nio/StringCharBuffer done
Event: 2.439 loading class java/awt/IllegalComponentStateException
Event: 2.439 loading class java/awt/IllegalComponentStateException done
Event: 2.439 loading class java/awt/Point
Event: 2.439 loading class java/awt/geom/Point2D
Event: 2.439 loading class java/awt/geom/Point2D done
Event: 2.439 loading class java/awt/Point done
Event: 2.439 loading class java/awt/GraphicsConfiguration
Event: 2.440 loading class java/awt/GraphicsConfiguration done
Event: 2.449 Executing  VM operation: HandshakeAllThreads
Event: 2.450 Executing  VM operation: HandshakeAllThreads done
Event: 2.459 loading class jdk/internal/reflect/UnsafeQualifiedStaticIntegerFieldAccessorImpl
Event: 2.459 loading class jdk/internal/reflect/UnsafeQualifiedStaticIntegerFieldAccessorImpl done
Event: 2.469 loading class java/lang/NumberFormatException
Event: 2.470 loading class java/lang/NumberFormatException done


Dynamic libraries:
0x00007ffdffd47000 	/Library/Apple/usr/libexec/oah/runtime
0x00007fff2a5a5000 	/usr/lib/libz.1.dylib
0x000000010afe9000 	/Library/Java/JavaVirtualMachines/jdk-16.0.2.jdk/Contents/Home/lib/libjli.dylib
0x00007fff350cd000 	/System/Library/Frameworks/Cocoa.framework/Versions/A/Cocoa
0x00007fff220f7000 	/System/Library/Frameworks/Security.framework/Versions/A/Security
0x00007fff332f0000 	/System/Library/Frameworks/ApplicationServices.framework/Versions/A/ApplicationServices
0x00007fff2a671000 	/usr/lib/libSystem.B.dylib
0x00007fff2a66b000 	/usr/lib/system/libcache.dylib
0x00007fff2a627000 	/usr/lib/system/libcommonCrypto.dylib
0x00007fff2a651000 	/usr/lib/system/libcompiler_rt.dylib
0x00007fff2a646000 	/usr/lib/system/libcopyfile.dylib
0x00007fff200ce000 	/usr/lib/system/libcorecrypto.dylib
0x00007fff20199000 	/usr/lib/system/libdispatch.dylib
0x00007fff2034c000 	/usr/lib/system/libdyld.dylib
0x00007fff2a662000 	/usr/lib/system/libkeymgr.dylib
0x00007fff2dbbb000 	/usr/lib/system/liblaunch.dylib
0x00007fff2a605000 	/usr/lib/system/libmacho.dylib
0x00007fff29df9000 	/usr/lib/system/libquarantine.dylib
0x00007fff2a65f000 	/usr/lib/system/libremovefile.dylib
0x00007fff24ac5000 	/usr/lib/system/libsystem_asl.dylib
0x00007fff2007e000 	/usr/lib/system/libsystem_blocks.dylib
0x00007fff2021b000 	/usr/lib/system/libsystem_c.dylib
0x00007fff2a659000 	/usr/lib/system/libsystem_collections.dylib
0x00007fff291f1000 	/usr/lib/system/libsystem_configuration.dylib
0x00007fff284da000 	/usr/lib/system/libsystem_containermanager.dylib
0x00007fff2a3a4000 	/usr/lib/system/libsystem_coreservices.dylib
0x00007fff226ac000 	/usr/lib/system/libsystem_darwin.dylib
0x00007fff2a663000 	/usr/lib/system/libsystem_dnssd.dylib
0x00007fff20218000 	/usr/lib/system/libsystem_featureflags.dylib
0x00007fff20392000 	/usr/lib/system/libsystem_info.dylib
0x00007fff2a5b8000 	/usr/lib/system/libsystem_m.dylib
0x00007fff2016c000 	/usr/lib/system/libsystem_malloc.dylib
0x00007fff24a58000 	/usr/lib/system/libsystem_networkextension.dylib
0x00007fff22acb000 	/usr/lib/system/libsystem_notify.dylib
0x00007fff3003f000 	/usr/lib/system/libsystem_product_info_filter.dylib
0x00007fff291f5000 	/usr/lib/system/libsystem_sandbox.dylib
0x00007fff2a65c000 	/usr/lib/system/libsystem_secinit.dylib
0x00007fff20310000 	/usr/lib/system/libsystem_kernel.dylib
0x00007fff20388000 	/usr/lib/system/libsystem_platform.dylib
0x00007fff20340000 	/usr/lib/system/libsystem_pthread.dylib
0x00007fff261d3000 	/usr/lib/system/libsystem_symptoms.dylib
0x00007fff200b6000 	/usr/lib/system/libsystem_trace.dylib
0x00007fff2a633000 	/usr/lib/system/libunwind.dylib
0x00007fff20080000 	/usr/lib/system/libxpc.dylib
0x00007fff202fa000 	/usr/lib/libc++abi.dylib
0x00007fff201de000 	/usr/lib/libobjc.A.dylib
0x00007fff2a63e000 	/usr/lib/liboah.dylib
0x00007fff202a4000 	/usr/lib/libc++.1.dylib
0x00007fff203be000 	/System/Library/Frameworks/CoreFoundation.framework/Versions/A/CoreFoundation
0x00007fff21092000 	/System/Library/Frameworks/Foundation.framework/Versions/C/Foundation
0x00007fff22b25000 	/System/Library/Frameworks/AppKit.framework/Versions/C/AppKit
0x00007fff25a03000 	/System/Library/Frameworks/CoreData.framework/Versions/A/CoreData
0x00007fff2386d000 	/System/Library/PrivateFrameworks/UIFoundation.framework/Versions/A/UIFoundation
0x00007fff2fdd2000 	/System/Library/PrivateFrameworks/RemoteViewServices.framework/Versions/A/RemoteViewServices
0x00007fff28ba0000 	/System/Library/PrivateFrameworks/XCTTargetBootstrap.framework/Versions/A/XCTTargetBootstrap
0x00007fff2b8e7000 	/usr/lib/libspindump.dylib
0x00007fff23abc000 	/System/Library/Frameworks/UniformTypeIdentifiers.framework/Versions/A/UniformTypeIdentifiers
0x00007fff273a4000 	/usr/lib/libapp_launch_measurement.dylib
0x00007fff273a7000 	/System/Library/PrivateFrameworks/CoreAutoLayout.framework/Versions/A/CoreAutoLayout
0x00007fff28507000 	/System/Library/Frameworks/Metal.framework/Versions/A/Metal
0x00007fff29200000 	/usr/lib/liblangid.dylib
0x00007fff28ba4000 	/System/Library/PrivateFrameworks/CoreSVG.framework/Versions/A/CoreSVG
0x00007fff24af4000 	/System/Library/PrivateFrameworks/SkyLight.framework/Versions/A/SkyLight
0x00007fff24e58000 	/System/Library/Frameworks/CoreGraphics.framework/Versions/A/CoreGraphics
0x00007fff302f4000 	/System/Library/Frameworks/Accelerate.framework/Versions/A/Accelerate
0x00007fff2b326000 	/System/Library/PrivateFrameworks/IconServices.framework/Versions/A/IconServices
0x00007fff284eb000 	/System/Library/Frameworks/IOSurface.framework/Versions/A/IOSurface
0x00007fff26390000 	/usr/lib/libDiagnosticMessagesClient.dylib
0x00007fff28b8c000 	/System/Library/PrivateFrameworks/DFRFoundation.framework/Versions/A/DFRFoundation
0x00007fff2244c000 	/usr/lib/libicucore.A.dylib
0x00007fff2ce24000 	/System/Library/Frameworks/AudioToolbox.framework/Versions/A/AudioToolbox
0x00007fff2c0b6000 	/System/Library/PrivateFrameworks/DataDetectorsCore.framework/Versions/A/DataDetectorsCore
0x00007fff24a68000 	/usr/lib/libMobileGestalt.dylib
0x00007fff28890000 	/System/Library/Frameworks/Carbon.framework/Versions/A/Frameworks/HIToolbox.framework/Versions/A/HIToolbox
0x00007fff26dee000 	/System/Library/Frameworks/QuartzCore.framework/Versions/A/QuartzCore
0x00007fff2fe0a000 	/System/Library/Frameworks/Carbon.framework/Versions/A/Frameworks/SpeechRecognition.framework/Versions/A/SpeechRecognition
0x00007fff2710d000 	/System/Library/PrivateFrameworks/CoreUI.framework/Versions/A/CoreUI
0x00007fff21a66000 	/System/Library/Frameworks/CoreAudio.framework/Versions/A/CoreAudio
0x00007fff2647b000 	/System/Library/Frameworks/DiskArbitration.framework/Versions/A/DiskArbitration
0x00007fff2bcb4000 	/System/Library/PrivateFrameworks/MultitouchSupport.framework/Versions/A/MultitouchSupport
0x00007fff2c0ad000 	/System/Library/PrivateFrameworks/InternationalSupport.framework/Versions/A/InternationalSupport
0x00007fff24a67000 	/usr/lib/libenergytrace.dylib
0x00007fff22a1c000 	/System/Library/Frameworks/IOKit.framework/Versions/A/IOKit
0x00007fff3013d000 	/System/Library/Frameworks/CoreServices.framework/Versions/A/CoreServices
0x00007fff2733a000 	/System/Library/PrivateFrameworks/PerformanceAnalysis.framework/Versions/A/PerformanceAnalysis
0x00007fff6bb87000 	/System/Library/Frameworks/OpenGL.framework/Versions/A/OpenGL
0x00007fff2c131000 	/System/Library/PrivateFrameworks/UserActivity.framework/Versions/A/UserActivity
0x00007fff2550a000 	/System/Library/Frameworks/ColorSync.framework/Versions/A/ColorSync
0x00007fff28e0e000 	/System/Library/Frameworks/CoreImage.framework/Versions/A/CoreImage
0x00007fff21881000 	/System/Library/Frameworks/CoreText.framework/Versions/A/CoreText
0x00007fff28bce000 	/System/Library/Frameworks/ImageIO.framework/Versions/A/ImageIO
0x00007fff2a677000 	/System/Library/PrivateFrameworks/SoftLinking.framework/Versions/A/SoftLinking
0x00007fff273ef000 	/usr/lib/libxml2.2.dylib
0x00007fff2a8e4000 	/usr/lib/libcompression.dylib
0x00007fff2bfdf000 	/System/Library/PrivateFrameworks/TextureIO.framework/Versions/A/TextureIO
0x00007fff2afcb000 	/usr/lib/libate.dylib
0x00007fff2acf8000 	/usr/lib/liblzma.5.dylib
0x00007fff20da6000 	/System/Library/Frameworks/SystemConfiguration.framework/Versions/A/SystemConfiguration
0x00007fff2a673000 	/usr/lib/libfakelink.dylib
0x00007fff245b9000 	/System/Library/Frameworks/CFNetwork.framework/Versions/A/CFNetwork
0x00007fff2a7b3000 	/usr/lib/libarchive.2.dylib
0x00007fff20e24000 	/usr/lib/libCRFSuite.dylib
0x00007fff29e20000 	/usr/lib/libbsm.0.dylib
0x00007fff23f39000 	/usr/lib/libnetwork.dylib
0x00007fff2a678000 	/usr/lib/libpcap.A.dylib
0x00007fff261cc000 	/usr/lib/libdns_services.dylib
0x00007fff2ad11000 	/usr/lib/libcoretls_cfhelpers.dylib
0x00007fff2a8b2000 	/usr/lib/libapple_nghttp2.dylib
0x00007fff2a60b000 	/usr/lib/system/libkxld.dylib
0x00007fff25e4a000 	/usr/lib/libsqlite3.dylib
0x00007fff2a387000 	/System/Library/PrivateFrameworks/AppleFSCompression.framework/Versions/A/AppleFSCompression
0x00007fff29e08000 	/usr/lib/libcoretls.dylib
0x00007fff2a8df000 	/usr/lib/libpam.2.dylib
0x00007fff2ae0e000 	/usr/lib/libxar.1.dylib
0x00007fff291fc000 	/System/Library/PrivateFrameworks/AppleSystemInfo.framework/Versions/A/AppleSystemInfo
0x00007fff29a4a000 	/System/Library/PrivateFrameworks/IOMobileFramebuffer.framework/Versions/A/IOMobileFramebuffer
0x00007fff2a397000 	/usr/lib/libbz2.1.0.dylib
0x00007fff2a6b0000 	/usr/lib/libiconv.2.dylib
0x00007fff2a604000 	/usr/lib/libcharset.1.dylib
0x00007fff27376000 	/System/Library/Frameworks/CoreServices.framework/Versions/A/Frameworks/FSEvents.framework/Versions/A/FSEvents
0x00007fff226b6000 	/System/Library/Frameworks/CoreServices.framework/Versions/A/Frameworks/CarbonCore.framework/Versions/A/CarbonCore
0x00007fff263e0000 	/System/Library/Frameworks/CoreServices.framework/Versions/A/Frameworks/Metadata.framework/Versions/A/Metadata
0x00007fff2a3a9000 	/System/Library/Frameworks/CoreServices.framework/Versions/A/Frameworks/OSServices.framework/Versions/A/OSServices
0x00007fff2a825000 	/System/Library/Frameworks/CoreServices.framework/Versions/A/Frameworks/SearchKit.framework/Versions/A/SearchKit
0x00007fff26157000 	/System/Library/Frameworks/CoreServices.framework/Versions/A/Frameworks/AE.framework/Versions/A/AE
0x00007fff2085c000 	/System/Library/Frameworks/CoreServices.framework/Versions/A/Frameworks/LaunchServices.framework/Versions/A/LaunchServices
0x00007fff2aca8000 	/System/Library/Frameworks/CoreServices.framework/Versions/A/Frameworks/DictionaryServices.framework/Versions/A/DictionaryServices
0x00007fff2737f000 	/System/Library/Frameworks/CoreServices.framework/Versions/A/Frameworks/SharedFileList.framework/Versions/A/SharedFileList
0x00007fff29dfc000 	/usr/lib/libCheckFix.dylib
0x00007fff24adc000 	/System/Library/PrivateFrameworks/TCC.framework/Versions/A/TCC
0x00007fff29202000 	/System/Library/PrivateFrameworks/CoreNLP.framework/Versions/A/CoreNLP
0x00007fff26393000 	/System/Library/PrivateFrameworks/MetadataUtilities.framework/Versions/A/MetadataUtilities
0x00007fff20e59000 	/usr/lib/libmecabra.dylib
0x00007fff2a106000 	/System/Library/Frameworks/MLCompute.framework/Versions/A/MLCompute
0x00007fff29e31000 	/usr/lib/libmecab.dylib
0x00007fff29e7b000 	/usr/lib/libgermantok.dylib
0x00007fff2a88d000 	/usr/lib/libThaiTokenizer.dylib
0x00007fff2ae49000 	/usr/lib/libChineseTokenizer.dylib
0x00007fff2a8dd000 	/System/Library/Frameworks/MetalPerformanceShaders.framework/Versions/A/MetalPerformanceShaders
0x00007fff26482000 	/System/Library/Frameworks/Accelerate.framework/Versions/A/Frameworks/vImage.framework/Versions/A/vImage
0x00007fff30117000 	/System/Library/Frameworks/Accelerate.framework/Versions/A/Frameworks/vecLib.framework/Versions/A/vecLib
0x00007fff2ae54000 	/System/Library/Frameworks/Accelerate.framework/Versions/A/Frameworks/vecLib.framework/Versions/A/libvMisc.dylib
0x00007fff298aa000 	/System/Library/Frameworks/Accelerate.framework/Versions/A/Frameworks/vecLib.framework/Versions/A/libvDSP.dylib
0x00007fff20b63000 	/System/Library/Frameworks/Accelerate.framework/Versions/A/Frameworks/vecLib.framework/Versions/A/libBLAS.dylib
0x00007fff2a903000 	/System/Library/Frameworks/Accelerate.framework/Versions/A/Frameworks/vecLib.framework/Versions/A/libLAPACK.dylib
0x00007fff29e81000 	/System/Library/Frameworks/Accelerate.framework/Versions/A/Frameworks/vecLib.framework/Versions/A/libLinearAlgebra.dylib
0x00007fff2a8ca000 	/System/Library/Frameworks/Accelerate.framework/Versions/A/Frameworks/vecLib.framework/Versions/A/libSparseBLAS.dylib
0x00007fff2a8fd000 	/System/Library/Frameworks/Accelerate.framework/Versions/A/Frameworks/vecLib.framework/Versions/A/libQuadrature.dylib
0x00007fff292ae000 	/System/Library/Frameworks/Accelerate.framework/Versions/A/Frameworks/vecLib.framework/Versions/A/libBNNS.dylib
0x00007fff20d37000 	/System/Library/Frameworks/Accelerate.framework/Versions/A/Frameworks/vecLib.framework/Versions/A/libSparse.dylib
0x00007fff2918a000 	/System/Library/Frameworks/MetalPerformanceShaders.framework/Versions/A/Frameworks/MPSCore.framework/Versions/A/MPSCore
0x00007fff2a2f6000 	/System/Library/Frameworks/MetalPerformanceShaders.framework/Versions/A/Frameworks/MPSImage.framework/Versions/A/MPSImage
0x00007fff29e97000 	/System/Library/Frameworks/MetalPerformanceShaders.framework/Versions/A/Frameworks/MPSNeuralNetwork.framework/Versions/A/MPSNeuralNetwork
0x00007fff2a268000 	/System/Library/Frameworks/MetalPerformanceShaders.framework/Versions/A/Frameworks/MPSMatrix.framework/Versions/A/MPSMatrix
0x00007fff2a0b6000 	/System/Library/Frameworks/MetalPerformanceShaders.framework/Versions/A/Frameworks/MPSRayIntersector.framework/Versions/A/MPSRayIntersector
0x00007fff2a29f000 	/System/Library/Frameworks/MetalPerformanceShaders.framework/Versions/A/Frameworks/MPSNDArray.framework/Versions/A/MPSNDArray
0x00007fff20a8f000 	/System/Library/PrivateFrameworks/MetalTools.framework/Versions/A/MetalTools
0x00007fff291fa000 	/System/Library/PrivateFrameworks/AggregateDictionary.framework/Versions/A/AggregateDictionary
0x00007fff26360000 	/System/Library/PrivateFrameworks/CoreAnalytics.framework/Versions/A/CoreAnalytics
0x00007fff2a88f000 	/System/Library/PrivateFrameworks/AppleSauce.framework/Versions/A/AppleSauce
0x00007fff284fd000 	/System/Library/PrivateFrameworks/IOAccelerator.framework/Versions/A/IOAccelerator
0x00007fff6bb7b000 	/System/Library/Frameworks/OpenGL.framework/Versions/A/Libraries/libCoreFSCache.dylib
0x00007fff213f0000 	/System/Library/PrivateFrameworks/LanguageModeling.framework/Versions/A/LanguageModeling
0x00007fff29a38000 	/System/Library/PrivateFrameworks/CoreEmoji.framework/Versions/A/CoreEmoji
0x00007fff292a7000 	/System/Library/PrivateFrameworks/LinguisticData.framework/Versions/A/LinguisticData
0x00007fff20cea000 	/System/Library/PrivateFrameworks/Lexicon.framework/Versions/A/Lexicon
0x00007fff2a7a1000 	/usr/lib/libcmph.dylib
0x00007fff27356000 	/System/Library/Frameworks/OpenDirectory.framework/Versions/A/Frameworks/CFOpenDirectory.framework/Versions/A/CFOpenDirectory
0x00007fff27346000 	/System/Library/Frameworks/OpenDirectory.framework/Versions/A/OpenDirectory
0x00007fff2ad13000 	/System/Library/PrivateFrameworks/APFS.framework/Versions/A/APFS
0x00007fff29d5e000 	/System/Library/Frameworks/SecurityFoundation.framework/Versions/A/SecurityFoundation
0x00007fff2ae1c000 	/usr/lib/libutil.dylib
0x00007fff229e1000 	/System/Library/PrivateFrameworks/CoreServicesStore.framework/Versions/A/CoreServicesStore
0x00007fff29df4000 	/System/Library/Frameworks/ServiceManagement.framework/Versions/A/ServiceManagement
0x00007fff2ae20000 	/usr/lib/libxslt.1.dylib
0x00007fff29dea000 	/System/Library/PrivateFrameworks/BackgroundTaskManagement.framework/Versions/A/BackgroundTaskManagement
0x00007fff2bf2a000 	/System/Library/Frameworks/ImageIO.framework/Versions/A/Resources/libRadiance.dylib
0x00007fff2bf33000 	/System/Library/Frameworks/ImageIO.framework/Versions/A/Resources/libJPEG.dylib
0x00007fff2be7e000 	/System/Library/Frameworks/ImageIO.framework/Versions/A/Resources/libPng.dylib
0x00007fff2bea5000 	/System/Library/Frameworks/ImageIO.framework/Versions/A/Resources/libTIFF.dylib
0x00007fff2bf88000 	/System/Library/Frameworks/ImageIO.framework/Versions/A/Resources/libGIF.dylib
0x00007fff2bbd1000 	/System/Library/Frameworks/ImageIO.framework/Versions/A/Resources/libJP2.dylib
0x00007fff2b2ee000 	/usr/lib/libexpat.1.dylib
0x00007fff2bb87000 	/System/Library/PrivateFrameworks/AppleJPEG.framework/Versions/A/AppleJPEG
0x00007fff28733000 	/System/Library/PrivateFrameworks/FontServices.framework/libFontParser.dylib
0x00007fff2610e000 	/System/Library/PrivateFrameworks/RunningBoardServices.framework/Versions/A/RunningBoardServices
0x00007fff2bcb0000 	/System/Library/PrivateFrameworks/WatchdogClient.framework/Versions/A/WatchdogClient
0x00007fff214d9000 	/System/Library/Frameworks/CoreDisplay.framework/Versions/A/CoreDisplay
0x00007fff28648000 	/System/Library/Frameworks/CoreMedia.framework/Versions/A/CoreMedia
0x00007fff274d2000 	/System/Library/Frameworks/CoreVideo.framework/Versions/A/CoreVideo
0x00007fff2bceb000 	/System/Library/Frameworks/VideoToolbox.framework/Versions/A/VideoToolbox
0x00007fff2608e000 	/System/Library/PrivateFrameworks/BaseBoard.framework/Versions/A/BaseBoard
0x00007fff2b431000 	/System/Library/PrivateFrameworks/PersistentConnection.framework/Versions/A/PersistentConnection
0x00007fff25e34000 	/System/Library/PrivateFrameworks/ProtocolBuffer.framework/Versions/A/ProtocolBuffer
0x00007fff26076000 	/System/Library/PrivateFrameworks/CommonUtilities.framework/Versions/A/CommonUtilities
0x00007fff2bb4a000 	/System/Library/PrivateFrameworks/Bom.framework/Versions/A/Bom
0x00007fff2bf22000 	/System/Library/PrivateFrameworks/GPUWrangler.framework/Versions/A/GPUWrangler
0x00007fff2bf05000 	/System/Library/PrivateFrameworks/IOPresentment.framework/Versions/A/IOPresentment
0x00007fff2bf2d000 	/System/Library/PrivateFrameworks/DSExternalDisplay.framework/Versions/A/DSExternalDisplay
0x00007fff2bf8d000 	/System/Library/PrivateFrameworks/CMCaptureCore.framework/Versions/A/CMCaptureCore
0x00007fff2b8cd000 	/System/Library/PrivateFrameworks/AppServerSupport.framework/Versions/A/AppServerSupport
0x00007fff2d95e000 	/System/Library/PrivateFrameworks/perfdata.framework/Versions/A/perfdata
0x00007fff29d4d000 	/System/Library/PrivateFrameworks/AssertionServices.framework/Versions/A/AssertionServices
0x00007fff21610000 	/System/Library/PrivateFrameworks/AudioToolboxCore.framework/Versions/A/AudioToolboxCore
0x00007fff2862b000 	/System/Library/PrivateFrameworks/caulk.framework/Versions/A/caulk
0x00007fff3cd53000 	/System/Library/PrivateFrameworks/SystemPolicy.framework/Versions/A/SystemPolicy
0x00007fff2b0fd000 	/usr/lib/libIOReport.dylib
0x00007fff2d19a000 	/usr/lib/libSMC.dylib
0x00007fff2be4a000 	/usr/lib/libAudioToolboxUtility.dylib
0x00007fff3d6ae000 	/usr/lib/libmis.dylib
0x00007fff6bbd7000 	/System/Library/Frameworks/OpenGL.framework/Versions/A/Libraries/libGLU.dylib
0x00007fff6bb9a000 	/System/Library/Frameworks/OpenGL.framework/Versions/A/Libraries/libGFXShared.dylib
0x00007fff6bda8000 	/System/Library/Frameworks/OpenGL.framework/Versions/A/Libraries/libGL.dylib
0x00007fff6bba3000 	/System/Library/Frameworks/OpenGL.framework/Versions/A/Libraries/libGLImage.dylib
0x00007fff6bb97000 	/System/Library/Frameworks/OpenGL.framework/Versions/A/Libraries/libCVMSPluginSupport.dylib
0x00007fff6bb82000 	/System/Library/Frameworks/OpenGL.framework/Versions/A/Libraries/libCoreVMClient.dylib
0x00007fff6d1f2000 	/System/Library/Frameworks/OpenCL.framework/Versions/A/OpenCL
0x00007fff2b45a000 	/System/Library/PrivateFrameworks/GraphVisualizer.framework/Versions/A/GraphVisualizer
0x00007fff2b469000 	/System/Library/PrivateFrameworks/FaceCore.framework/Versions/A/FaceCore
0x00007fff2b885000 	/System/Library/PrivateFrameworks/OTSVG.framework/Versions/A/OTSVG
0x00007fff270cb000 	/System/Library/Frameworks/ApplicationServices.framework/Versions/A/Frameworks/ATS.framework/Versions/A/Resources/libFontRegistry.dylib
0x00007fff2b8d4000 	/System/Library/PrivateFrameworks/FontServices.framework/libhvf.dylib
0x00007fff2b29a000 	/System/Library/PrivateFrameworks/AppleVA.framework/Versions/A/AppleVA
0x00007fff2cfe2000 	/System/Library/Frameworks/ApplicationServices.framework/Versions/A/Frameworks/ATS.framework/Versions/A/ATS
0x00007fff2d2f5000 	/System/Library/Frameworks/ApplicationServices.framework/Versions/A/Frameworks/ColorSyncLegacy.framework/Versions/A/ColorSyncLegacy
0x00007fff25601000 	/System/Library/Frameworks/ApplicationServices.framework/Versions/A/Frameworks/HIServices.framework/Versions/A/HIServices
0x00007fff2d2da000 	/System/Library/Frameworks/ApplicationServices.framework/Versions/A/Frameworks/LangAnalysis.framework/Versions/A/LangAnalysis
0x00007fff2bf97000 	/System/Library/Frameworks/ApplicationServices.framework/Versions/A/Frameworks/PrintCore.framework/Versions/A/PrintCore
0x00007fff2d2fd000 	/System/Library/Frameworks/ApplicationServices.framework/Versions/A/Frameworks/QD.framework/Versions/A/QD
0x00007fff2cfd2000 	/System/Library/Frameworks/ApplicationServices.framework/Versions/A/Frameworks/SpeechSynthesis.framework/Versions/A/SpeechSynthesis
0x00007fff2bf58000 	/System/Library/Frameworks/ApplicationServices.framework/Versions/A/Frameworks/ATSUI.framework/Versions/A/ATSUI
0x00007fff2d27a000 	/usr/lib/libcups.2.dylib
0x00007fff2d2ea000 	/System/Library/PrivateFrameworks/NetAuth.framework/Versions/A/NetAuth
0x00007fff2d979000 	/System/Library/Frameworks/Kerberos.framework/Versions/A/Kerberos
0x00007fff2d989000 	/System/Library/Frameworks/GSS.framework/Versions/A/GSS
0x00007fff2d04f000 	/usr/lib/libresolv.9.dylib
0x00007fff2b8ea000 	/System/Library/PrivateFrameworks/Heimdal.framework/Versions/A/Heimdal
0x00007fff33605000 	/System/Library/Frameworks/Kerberos.framework/Versions/A/Libraries/libHeimdalProxy.dylib
0x00007fff261db000 	/System/Library/Frameworks/Network.framework/Versions/A/Network
0x00007fff2b307000 	/usr/lib/libheimdal-asn1.dylib
0x00007fff2d9da000 	/System/Library/PrivateFrameworks/CommonAuth.framework/Versions/A/CommonAuth
0x00007fff27520000 	/System/Library/PrivateFrameworks/login.framework/Versions/A/Frameworks/loginsupport.framework/Versions/A/loginsupport
0x00007fff2cf59000 	/System/Library/PrivateFrameworks/AudioSession.framework/Versions/A/AudioSession
0x00007fff2cfbf000 	/usr/lib/libAudioStatistics.dylib
0x00007fff2b393000 	/System/Library/PrivateFrameworks/MediaExperience.framework/Versions/A/MediaExperience
0x00007fff2cdf2000 	/System/Library/PrivateFrameworks/AudioSession.framework/libSessionUtility.dylib
0x00007fff2d96a000 	/usr/lib/libperfcheck.dylib
0x00007fff2d309000 	/System/Library/PrivateFrameworks/AudioResourceArbitration.framework/Versions/A/AudioResourceArbitration
0x00007fff2b311000 	/System/Library/PrivateFrameworks/IconFoundation.framework/Versions/A/IconFoundation
0x00007fff2fdfa000 	/System/Library/PrivateFrameworks/SpeechRecognitionCore.framework/Versions/A/SpeechRecognitionCore
0x000000010f800000 	/Library/Java/JavaVirtualMachines/jdk-16.0.2.jdk/Contents/Home/lib/server/libjvm.dylib
0x000000010b126000 	/Library/Java/JavaVirtualMachines/jdk-16.0.2.jdk/Contents/Home/lib/libjimage.dylib
0x000000010b19b000 	/Library/Java/JavaVirtualMachines/jdk-16.0.2.jdk/Contents/Home/lib/libjava.dylib
0x000000010b765000 	/Library/Java/JavaVirtualMachines/jdk-16.0.2.jdk/Contents/Home/lib/libnio.dylib
0x000000010b795000 	/Library/Java/JavaVirtualMachines/jdk-16.0.2.jdk/Contents/Home/lib/libnet.dylib
0x000000012dafe000 	/Library/Java/JavaVirtualMachines/jdk-16.0.2.jdk/Contents/Home/lib/libzip.dylib
0x00000001303f1000 	/Users/maddox/Documents/proj/Locus2/locus/libopenal.dylib
0x00007fff336b8000 	/System/Library/Frameworks/AudioUnit.framework/Versions/A/AudioUnit
0x0000000130497000 	/Library/Java/JavaVirtualMachines/jdk-16.0.2.jdk/Contents/Home/lib/libverify.dylib
0x00000001304de000 	/Library/Java/JavaVirtualMachines/jdk-16.0.2.jdk/Contents/Home/lib/libawt.dylib
0x0000000130659000 	/Library/Java/JavaVirtualMachines/jdk-16.0.2.jdk/Contents/Home/lib/libmlib_image.dylib
0x00007fff6eb23000 	/System/Library/Frameworks/JavaNativeFoundation.framework/Versions/A/JavaNativeFoundation
0x00007fff6eb2f000 	/System/Library/Frameworks/JavaRuntimeSupport.framework/Versions/A/JavaRuntimeSupport
0x00007fff3ca9d000 	/System/Library/Frameworks/Carbon.framework/Versions/A/Carbon
0x00007fff31c5e000 	/System/Library/PrivateFrameworks/CoreSymbolication.framework/Versions/A/CoreSymbolication
0x00007fff3654d000 	/System/Library/Frameworks/Carbon.framework/Versions/A/Frameworks/CommonPanels.framework/Versions/A/CommonPanels
0x00007fff3309b000 	/System/Library/Frameworks/Carbon.framework/Versions/A/Frameworks/Help.framework/Versions/A/Help
0x00007fff36551000 	/System/Library/Frameworks/Carbon.framework/Versions/A/Frameworks/ImageCapture.framework/Versions/A/ImageCapture
0x00007fff36521000 	/System/Library/Frameworks/Carbon.framework/Versions/A/Frameworks/OpenScripting.framework/Versions/A/OpenScripting
0x00007fff36549000 	/System/Library/Frameworks/Carbon.framework/Versions/A/Frameworks/Ink.framework/Versions/A/Ink
0x00007fff3ca99000 	/System/Library/Frameworks/Carbon.framework/Versions/A/Frameworks/Print.framework/Versions/A/Print
0x00007fff36545000 	/System/Library/Frameworks/Carbon.framework/Versions/A/Frameworks/SecurityHI.framework/Versions/A/SecurityHI
0x00007fff31c22000 	/System/Library/PrivateFrameworks/DebugSymbols.framework/Versions/A/DebugSymbols
0x00000001307ac000 	/Library/Java/JavaVirtualMachines/jdk-16.0.2.jdk/Contents/Home/lib/libawt_lwawt.dylib
0x000000013092f000 	/Library/Java/JavaVirtualMachines/jdk-16.0.2.jdk/Contents/Home/lib/libosxapp.dylib
0x00007fff3c0b4000 	/System/Library/Frameworks/ExceptionHandling.framework/Versions/A/ExceptionHandling
0x0000000130987000 	/Library/Java/JavaVirtualMachines/jdk-16.0.2.jdk/Contents/Home/lib/libfontmanager.dylib
0x00000001309ae000 	/Library/Java/JavaVirtualMachines/jdk-16.0.2.jdk/Contents/Home/lib/libharfbuzz.dylib
0x0000000130d44000 	/Library/Java/JavaVirtualMachines/jdk-16.0.2.jdk/Contents/Home/lib/libfreetype.dylib
0x00007fff229a2000 	/System/Library/PrivateFrameworks/CoreServicesInternal.framework/Versions/A/CoreServicesInternal
0x00007fff3117b000 	/System/Library/Frameworks/FileProvider.framework/Versions/A/FileProvider
0x00007fff25ff9000 	/System/Library/Frameworks/Accounts.framework/Versions/A/Accounts
0x00007fff312ca000 	/System/Library/PrivateFrameworks/GenerationalStorage.framework/Versions/A/GenerationalStorage
0x00007fff30b9b000 	/System/Library/PrivateFrameworks/SymptomDiagnosticReporter.framework/Versions/A/SymptomDiagnosticReporter
0x00007fff23acf000 	/System/Library/PrivateFrameworks/DesktopServicesPriv.framework/Versions/A/DesktopServicesPriv
0x00007fff22ad7000 	/usr/lib/libsandbox.1.dylib
0x00007fff2754b000 	/System/Library/PrivateFrameworks/UserManagement.framework/Versions/A/UserManagement
0x00007fff29d2a000 	/System/Library/PrivateFrameworks/MobileKeyBag.framework/Versions/A/MobileKeyBag
0x00007fff3467f000 	/System/Library/PrivateFrameworks/ChunkingLibrary.framework/Versions/A/ChunkingLibrary
0x00007fff2e39c000 	/System/Library/PrivateFrameworks/Sharing.framework/Versions/A/Sharing
0x00007fff32c08000 	/System/Library/PrivateFrameworks/Apple80211.framework/Versions/A/Apple80211
0x00007fff2a3d7000 	/System/Library/PrivateFrameworks/AuthKit.framework/Versions/A/AuthKit
0x00007fff29b28000 	/System/Library/PrivateFrameworks/CoreUtils.framework/Versions/A/CoreUtils
0x00007fff29a55000 	/System/Library/Frameworks/CoreWLAN.framework/Versions/A/CoreWLAN
0x00007fff2e4e8000 	/System/Library/Frameworks/IOBluetooth.framework/Versions/A/IOBluetooth
0x00007fff32c6c000 	/System/Library/PrivateFrameworks/CoreWiFi.framework/Versions/A/CoreWiFi
0x00007fff2da60000 	/System/Library/PrivateFrameworks/CorePhoneNumbers.framework/Versions/A/CorePhoneNumbers
0x00007fff30ca2000 	/System/Library/PrivateFrameworks/DiskManagement.framework/Versions/A/DiskManagement
0x00007fff30bb8000 	/System/Library/PrivateFrameworks/AppleIDAuthSupport.framework/Versions/A/AppleIDAuthSupport
0x00007fff2da40000 	/System/Library/PrivateFrameworks/KeychainCircle.framework/Versions/A/KeychainCircle
0x00007fff30c6e000 	/System/Library/PrivateFrameworks/MediaKit.framework/Versions/A/MediaKit
0x00007fff30bc5000 	/System/Library/Frameworks/DiscRecording.framework/Versions/A/DiscRecording
0x00007fff2b20e000 	/usr/lib/libCoreStorage.dylib
0x00007fff330a7000 	/usr/lib/libcsfde.dylib
0x00007fff2e623000 	/System/Library/PrivateFrameworks/ProtectedCloudStorage.framework/Versions/A/ProtectedCloudStorage
0x00007fff3309f000 	/System/Library/PrivateFrameworks/EFILogin.framework/Versions/A/EFILogin
0x00007fff30b36000 	/System/Library/Frameworks/CoreBluetooth.framework/Versions/A/CoreBluetooth
0x00007fff2b206000 	/usr/lib/libMatch.1.dylib
0x00007fff43904000 	/System/Library/CoreServices/RawCamera.bundle/Contents/MacOS/RawCamera
0x00007fff2d9eb000 	/System/Library/PrivateFrameworks/MobileAsset.framework/Versions/A/MobileAsset
0x00007fff336dc000 	/System/Library/PrivateFrameworks/StreamingZip.framework/Versions/A/StreamingZip
0x00007fff2c18f000 	/System/Library/Frameworks/MediaToolbox.framework/Versions/A/MediaToolbox
0x00007fff3114d000 	/System/Library/PrivateFrameworks/CoreAVCHD.framework/Versions/A/CoreAVCHD
0x00007fff30335000 	/System/Library/Frameworks/MediaAccessibility.framework/Versions/A/MediaAccessibility
0x00007fff31149000 	/System/Library/PrivateFrameworks/Mangrove.framework/Versions/A/Mangrove
0x00007fff30341000 	/System/Library/PrivateFrameworks/AlgosScoreFramework.framework/Versions/A/AlgosScoreFramework
0x00007fff31b30000 	/System/Library/PrivateFrameworks/AppleVPA.framework/Versions/A/AppleVPA
0x00007fff30d8e000 	/System/Library/PrivateFrameworks/CoreAUC.framework/Versions/A/CoreAUC
0x00007fff41358000 	/System/Library/Frameworks/Accelerate.framework/Versions/A/Frameworks/vImage.framework/Versions/A/Libraries/libCGInterfaces.dylib
0x00000001333f8000 	/usr/lib/libobjc-trampolines.dylib
0x00007fff2724e000 	/System/Library/PrivateFrameworks/ViewBridge.framework/Versions/A/ViewBridge
0x0000000135a59000 	/Users/maddox/Documents/proj/Locus2/locus/liblwjgl.dylib
0x0000000134252000 	/Library/Java/JavaVirtualMachines/jdk-16.0.2.jdk/Contents/Home/lib/libjawt.dylib
0x00007fff6bdb3000 	/System/Library/Frameworks/OpenGL.framework/Versions/A/Resources/GLEngine.bundle/GLEngine
0x00007fff6bc14000 	/System/Library/Frameworks/OpenGL.framework/Versions/A/Libraries/libGLProgrammability.dylib
0x0000000135b60000 	/System/Library/Extensions/AppleMetalOpenGLRenderer.bundle/Contents/MacOS/AppleMetalOpenGLRenderer
0x00007fff6bf31000 	/System/Library/Frameworks/OpenGL.framework/Versions/A/Resources/GLRendererFloat.bundle/GLRendererFloat
0x0000000135cd9000 	/System/Library/Extensions/AGXMetal13_3.bundle/Contents/MacOS/AGXMetal13_3
0x00007fff386d6000 	/System/Library/PrivateFrameworks/IOGPU.framework/Versions/A/IOGPU
0x00007fff69730000 	/System/Library/PrivateFrameworks/GPUCompiler.framework/Versions/31001/Libraries/libmetal_timestamp.dylib
0x00007fff2b9ab000 	/System/Library/PrivateFrameworks/login.framework/Versions/A/login


VM Arguments:
java_command: com.maddoxk.locus.App
java_class_path (initial): target/com.maddoxk.locus-0.1-Alpha.jar
Launcher Type: SUN_STANDARD

[Global flags]
     intx CICompilerCount                          = 4                                         {product} {ergonomic}
     uint ConcGCThreads                            = 2                                         {product} {ergonomic}
     uint G1ConcRefinementThreads                  = 8                                         {product} {ergonomic}
   size_t G1HeapRegionSize                         = 1048576                                   {product} {ergonomic}
    uintx GCDrainStackTargetSize                   = 64                                        {product} {ergonomic}
   size_t InitialHeapSize                          = 134217728                                 {product} {ergonomic}
   size_t MarkStackSize                            = 4194304                                   {product} {ergonomic}
   size_t MaxHeapSize                              = 2147483648                                {product} {ergonomic}
   size_t MaxNewSize                               = 1287651328                                {product} {ergonomic}
   size_t MinHeapDeltaBytes                        = 1048576                                   {product} {ergonomic}
   size_t MinHeapSize                              = 8388608                                   {product} {ergonomic}
    uintx NonNMethodCodeHeapSize                   = 5839372                                {pd product} {ergonomic}
    uintx NonProfiledCodeHeapSize                  = 122909434                              {pd product} {ergonomic}
    uintx ProfiledCodeHeapSize                     = 122909434                              {pd product} {ergonomic}
    uintx ReservedCodeCacheSize                    = 251658240                              {pd product} {ergonomic}
     bool SegmentedCodeCache                       = true                                      {product} {ergonomic}
   size_t SoftMaxHeapSize                          = 2147483648                             {manageable} {ergonomic}
     bool UseCompressedClassPointers               = true                           {product lp64_product} {ergonomic}
     bool UseCompressedOops                        = true                           {product lp64_product} {ergonomic}
     bool UseG1GC                                  = true                                      {product} {ergonomic}
     bool UseNUMA                                  = false                                     {product} {ergonomic}
     bool UseNUMAInterleaving                      = false                                     {product} {ergonomic}

Logging:
Log output configuration:
 #0: stdout all=warning uptime,level,tags
 #1: stderr all=off uptime,level,tags

Environment Variables:
PATH=/opt/homebrew/bin:/opt/homebrew/sbin:/usr/local/bin:/usr/bin:/bin:/usr/sbin:/sbin:/usr/local/share/dotnet:~/.dotnet/tools:/Library/Frameworks/Mono.framework/Versions/Current/Commands:/opt/homebrew/bin:/opt/homebrew/sbin:/Users/maddox/.cargo/bin
SHELL=/bin/zsh
LANG=en_US.UTF-8

Signal Handlers:
SIGSEGV: [libjvm.dylib+0xa7bdc0], sa_mask[0]=11100110100111111111111111111111, sa_flags=SA_ONSTACK|SA_RESTART|SA_SIGINFO
SIGBUS: [libjvm.dylib+0xa7bdc0], sa_mask[0]=11100110100111111111111111111111, sa_flags=SA_RESTART|SA_SIGINFO
SIGFPE: [libjvm.dylib+0xa7bdc0], sa_mask[0]=11100110100111111111111111111111, sa_flags=SA_RESTART|SA_SIGINFO
SIGPIPE: [libjvm.dylib+0x945be0], sa_mask[0]=11100110100111111111111111111111, sa_flags=SA_RESTART|SA_SIGINFO
SIGXFSZ: [libjvm.dylib+0x945be0], sa_mask[0]=11100110100111111111111111111111, sa_flags=SA_RESTART|SA_SIGINFO
SIGILL: [libjvm.dylib+0xa7bdc0], sa_mask[0]=11100110100111111111111111111111, sa_flags=SA_RESTART|SA_SIGINFO
SIGUSR2: [libjvm.dylib+0x946690], sa_mask[0]=00000000000000000000000000000000, sa_flags=SA_RESTART|SA_SIGINFO
SIGHUP: [libjvm.dylib+0x944c50], sa_mask[0]=11100110100111111111111111111111, sa_flags=SA_RESTART|SA_SIGINFO
SIGINT: [libjvm.dylib+0x944c50], sa_mask[0]=11100110100111111111111111111111, sa_flags=SA_RESTART|SA_SIGINFO
SIGTERM: [libjvm.dylib+0x944c50], sa_mask[0]=11100110100111111111111111111111, sa_flags=SA_RESTART|SA_SIGINFO
SIGQUIT: [libjvm.dylib+0x944c50], sa_mask[0]=11100110100111111111111111111111, sa_flags=SA_RESTART|SA_SIGINFO
SIGTRAP: [libjvm.dylib+0xa7bdc0], sa_mask[0]=11100110100111111111111111111111, sa_flags=SA_RESTART|SA_SIGINFO


---------------  S Y S T E M  ---------------

OS:uname: Darwin 20.4.0 Darwin Kernel Version 20.4.0: Thu Apr 22 21:46:41 PDT 2021; root:xnu-7195.101.2~1/RELEASE_ARM64_T8101 x86_64
OS uptime: 4 days 19:05 hours
rlimit (soft/hard): STACK 8176k/65520k , CORE 0k/infinity , NPROC 1333/2000 , NOFILE 10240/infinity , AS infinity/infinity , CPU infinity/infinity , DATA infinity/infinity , FSIZE infinity/infinity , MEMLOCK infinity/infinity , RSS infinity/infinity
load average: 6.40 4.09 3.73

CPU: total 8 (initial active 8) (1 cores per cpu, 1 threads per core) family 6 model 44 stepping 0 microcode 0x0, cx8, cmov, fxsr, mmx, sse, sse2, sse3, ssse3, sse4.1, sse4.2, popcnt, tsc, tscinvbit, aes, clmul, clflush

Memory: 4k page, physical 8388608k(39620k free), swap 8912896k(0k free)

vm_info: Java HotSpot(TM) 64-Bit Server VM (16.0.2+7-67) for bsd-amd64 JRE (16.0.2+7-67), built on Jun  8 2021 22:22:46 by "mach5one" with clang 4.2.1 Compatible Apple LLVM 11.0.0 (clang-1100.0.33.17)

END.
