#
# A fatal error has been detected by the Java Runtime Environment:
#
#  SIGSEGV (0xb) at pc=0x00007fff2021641f, pid=69431, tid=67895
#
# JRE version: Java(TM) SE Runtime Environment (16.0.2+7) (build 16.0.2+7-67)
# Java VM: Java HotSpot(TM) 64-Bit Server VM (16.0.2+7-67, mixed mode, sharing, tiered, compressed oops, compressed class ptrs, g1 gc, bsd-amd64)
# Problematic frame:
# C  [libobjc.A.dylib+0x841f]  objc_release+0x1f
#
# No core dump will be written. Core dumps have been disabled. To enable core dumping, try "ulimit -c unlimited" before starting Java again
#
# If you would like to submit a bug report, please visit:
#   https://bugreport.java.com/bugreport/crash.jsp
# The crash happened outside the Java Virtual Machine in native code.
# See problematic frame for where to report the bug.
#

---------------  S U M M A R Y ------------

Command Line: com.maddoxk.locus.App

Host: MacBookAir10,1 x86_64 2400 MHz, 8 cores, 8G, Darwin 20.4.0, macOS 10.16 (20E241)
Time: Thu Jun  2 22:55:02 2022 PDT elapsed time: 1.156297 seconds (0d 0h 0m 1s)

---------------  T H R E A D  ---------------

Current thread (0x00007fe01faa5600):  JavaThread "jME3 Main" [_thread_in_native, id=67895, stack(0x0000000307a90000,0x0000000307b90000)]

Stack: [0x0000000307a90000,0x0000000307b90000],  sp=0x0000000307b8f518,  free space=1021k
Native frames: (J=compiled Java code, A=aot compiled Java code, j=interpreted, Vv=VM code, C=native code)
C  [libobjc.A.dylib+0x841f]  objc_release+0x1f
C  [libobjc.A.dylib+0x8d94]  objc_autoreleasePoolPop+0xa1
C  [CoreFoundation+0x42612]  _CFAutoreleasePoolPop+0x16
C  [Foundation+0x1e833]  -[NSAutoreleasePool release]+0x83
C  [liblwjgl.dylib+0x16cce]  Java_org_lwjgl_opengl_MacOSXContextImplementation_setView+0x10e
j  org.lwjgl.opengl.MacOSXContextImplementation.setView(Ljava/nio/ByteBuffer;Ljava/nio/ByteBuffer;)V+0
j  org.lwjgl.opengl.MacOSXContextImplementation.makeCurrent(Lorg/lwjgl/opengl/PeerInfo;Ljava/nio/ByteBuffer;)V+7
j  org.lwjgl.opengl.ContextGL.makeCurrent()V+46
j  org.lwjgl.opengl.DrawableGL.makeCurrent()V+14
j  org.lwjgl.opengl.Display.makeCurrent()V+3
j  org.lwjgl.opengl.Display.makeCurrentAndSetSwapInterval()V+0
j  org.lwjgl.opengl.Display.create(Lorg/lwjgl/opengl/PixelFormat;Lorg/lwjgl/opengl/Drawable;Lorg/lwjgl/opengl/ContextAttribs;)V+108
j  org.lwjgl.opengl.Display.create(Lorg/lwjgl/opengl/PixelFormat;)V+12
j  com.jme3.system.lwjgl.LwjglDisplay.createContext(Lcom/jme3/system/AppSettings;)V+394
j  com.jme3.system.lwjgl.LwjglAbstractDisplay.initInThread()Z+25
j  com.jme3.system.lwjgl.LwjglAbstractDisplay.run()V+36
j  java.lang.Thread.run()V+11 java.base@16.0.2
v  ~StubRoutines::call_stub
V  [libjvm.dylib+0x508272]  _ZN9JavaCalls11call_helperEP9JavaValueRK12methodHandleP17JavaCallArgumentsP6Thread+0x2d2
V  [libjvm.dylib+0x5072b7]  _ZN9JavaCalls12call_virtualEP9JavaValueP5KlassP6SymbolS5_P17JavaCallArgumentsP6Thread+0x147
V  [libjvm.dylib+0x507383]  _ZN9JavaCalls12call_virtualEP9JavaValue6HandleP5KlassP6SymbolS6_P6Thread+0x63
V  [libjvm.dylib+0x5b5534]  _ZL12thread_entryP10JavaThreadP6Thread+0xb4
V  [libjvm.dylib+0xa043cd]  _ZN10JavaThread17thread_main_innerEv+0xcd
V  [libjvm.dylib+0xa01d11]  _ZN6Thread8call_runEv+0x71
V  [libjvm.dylib+0x890937]  _ZL19thread_native_entryP6Thread+0x157
C  [libsystem_pthread.dylib+0x6954]  _pthread_start+0xe0
C  [libsystem_pthread.dylib+0x24a7]  thread_start+0xf

Java frames: (J=compiled Java code, j=interpreted, Vv=VM code)
j  org.lwjgl.opengl.MacOSXContextImplementation.setView(Ljava/nio/ByteBuffer;Ljava/nio/ByteBuffer;)V+0
j  org.lwjgl.opengl.MacOSXContextImplementation.makeCurrent(Lorg/lwjgl/opengl/PeerInfo;Ljava/nio/ByteBuffer;)V+7
j  org.lwjgl.opengl.ContextGL.makeCurrent()V+46
j  org.lwjgl.opengl.DrawableGL.makeCurrent()V+14
j  org.lwjgl.opengl.Display.makeCurrent()V+3
j  org.lwjgl.opengl.Display.makeCurrentAndSetSwapInterval()V+0
j  org.lwjgl.opengl.Display.create(Lorg/lwjgl/opengl/PixelFormat;Lorg/lwjgl/opengl/Drawable;Lorg/lwjgl/opengl/ContextAttribs;)V+108
j  org.lwjgl.opengl.Display.create(Lorg/lwjgl/opengl/PixelFormat;)V+12
j  com.jme3.system.lwjgl.LwjglDisplay.createContext(Lcom/jme3/system/AppSettings;)V+394
j  com.jme3.system.lwjgl.LwjglAbstractDisplay.initInThread()Z+25
j  com.jme3.system.lwjgl.LwjglAbstractDisplay.run()V+36
j  java.lang.Thread.run()V+11 java.base@16.0.2
v  ~StubRoutines::call_stub

siginfo: si_signo: 11 (SIGSEGV), si_code: 1 (SEGV_MAPERR), si_addr: 0x000007fe01f48f50

Register to memory mapping:

RAX=0xf00007fe01f48f34 is an unknown value
RBX=0x0000000000000001 is an unknown value
RCX=0x000007fe01f48f30 is an unknown value
RDX=0x0000000000000006 is an unknown value
RSP=0x0000000307b8f518 is pointing into the stack for thread: 0x00007fe01faa5600
RBP=0x0000000307b8f550 is pointing into the stack for thread: 0x00007fe01faa5600
RSI=0x00007fdfd8a17b10 points into unknown readable memory: 0x013d80013438dc67 | 67 dc 38 34 01 80 3d 01
RDI=0x00007fdfd8a1c000 points into unknown readable memory: 0xf00007fe01f48f34 | 34 8f f4 01 fe 07 00 f0
R8 =0x00007fe01faeb8c8 points into unknown readable memory: 0x0000000000000000 | 00 00 00 00 00 00 00 00
R9 =0x0 is NULL
R10=0x000000013438dc60: OBJC_CLASS_$_MacOSXOpenGLView+0 in /Users/maddox/Documents/proj/Locus2/locus/liblwjgl.dylib at 0x000000013434f000
R11=0x00007fff22b604ea: -[NSResponder release]+0 in /System/Library/Frameworks/AppKit.framework/Versions/C/AppKit at 0x00007fff22b55000
R12=0x00007fdfd8a1c000 points into unknown readable memory: 0xf00007fe01f48f34 | 34 8f f4 01 fe 07 00 f0
R13=0xa3a3a3a3a3a3a3a3 is an unknown value
R14=0x00007fe02010c0a0 points into unknown readable memory: 0x0000000000000000 | 00 00 00 00 00 00 00 00
R15=0x00007fe02010c000 points into unknown readable memory: 0x4f545541a1a1a1a1 | a1 a1 a1 a1 41 55 54 4f


Registers:
RAX=0xf00007fe01f48f34, RBX=0x0000000000000001, RCX=0x000007fe01f48f30, RDX=0x0000000000000006
RSP=0x0000000307b8f518, RBP=0x0000000307b8f550, RSI=0x00007fdfd8a17b10, RDI=0x00007fdfd8a1c000
R8 =0x00007fe01faeb8c8, R9 =0x0000000000000000, R10=0x000000013438dc60, R11=0x00007fff22b604ea
R12=0x00007fdfd8a1c000, R13=0xa3a3a3a3a3a3a3a3, R14=0x00007fe02010c0a0, R15=0x00007fe02010c000
RIP=0x00007fff2021641f, EFLAGS=0x0000000000000246, ERR=0x0000000000000004
  TRAPNO=0x000000000000000e

Top of Stack: (sp=0x0000000307b8f518)
0x0000000307b8f518:   00007fff20234343 fe432594a6fe0000
0x0000000307b8f528:   00007fe02010c000 00007fe01f478a70
0x0000000307b8f538:   000000012c115fc8 00007fff7bb2fb51
0x0000000307b8f548:   00007fe01faa5910 0000000307b8f570
0x0000000307b8f558:   00007fff20216d94 fe432594a6fe00a3
0x0000000307b8f568:   00007fe02010c0a0 0000000307b8f590
0x0000000307b8f578:   00007fff20430612 fe432594a6fe00a3
0x0000000307b8f588:   00007fe01f478a70 0000000307b8f5d0
0x0000000307b8f598:   00007fff210e0833 00007fff872535b8
0x0000000307b8f5a8:   0000000000000000 00007fdfd8a21a80
0x0000000307b8f5b8:   fe432594a6fe00a3 00007fdfd8a17800
0x0000000307b8f5c8:   00007fe01f581400 0000000307b8f600
0x0000000307b8f5d8:   0000000134365cce 000000012c115fd0
0x0000000307b8f5e8:   0000000000000000 0000000307b8f690
0x0000000307b8f5f8:   00007fe01faa5600 0000000307b8f668
0x0000000307b8f608:   0000000115ebbb06 00000007878751f8
0x0000000307b8f618:   0000000115ebb836 0000000307b8f620
0x0000000307b8f628:   000000012c115fc8 0000000307b8f690
0x0000000307b8f638:   000000012c116538 0000000000000000
0x0000000307b8f648:   00000007878e80c0 000000012c115fd0
0x0000000307b8f658:   0000000000000000 0000000307b8f688
0x0000000307b8f668:   0000000307b8f6e0 0000000115eb7449
0x0000000307b8f678:   00000007878e80c0 0000000115eb9358
0x0000000307b8f688:   00000007878f2b10 00000007878751f8
0x0000000307b8f698:   0000000307b8f698 000000012c115ecf
0x0000000307b8f6a8:   0000000307b8f710 000000012c116538
0x0000000307b8f6b8:   0000000000000000 00000007878e80c0
0x0000000307b8f6c8:   000000012c115f40 0000000307b8f688
0x0000000307b8f6d8:   0000000307b8f700 0000000307b8f770
0x0000000307b8f6e8:   0000000115eb78c1 0000000000000000
0x0000000307b8f6f8:   00000007878751f8 00000007878f2b10
0x0000000307b8f708:   0000000787875138 00000007878e81e8 

Instructions: (pc=0x00007fff2021641f)
0x00007fff2021631f:   00 75 20 4d 85 f6 74 10 49 8b 3e e8 bf fb 01 00
0x00007fff2021632f:   4c 89 f7 e8 b7 fb 01 00 48 c7 05 56 8f 48 60 00
0x00007fff2021633f:   00 00 00 4d 85 e4 74 23 49 8b 3c 24 49 8b 5c 24
0x00007fff2021634f:   08 48 85 ff 74 05 e8 0f fc ff ff 4c 89 e7 e8 8c
0x00007fff2021635f:   fb 01 00 49 89 dc 48 85 db 75 dd 48 8b 05 17 6e
0x00007fff2021636f:   e4 66 48 8b 00 48 3b 45 d8 75 32 48 83 c4 30 5b
0x00007fff2021637f:   41 5c 41 5e 41 5f 5d c3 31 c0 eb 02 b0 01 80 3d
0x00007fff2021638f:   1a 90 48 60 00 0f 84 4a fd ff ff 0f b6 d0 4c 89
0x00007fff2021639f:   ff 31 f6 e8 30 f0 01 00 e9 38 fd ff ff e8 71 fa
0x00007fff202163af:   01 00 48 8d 3d 05 99 02 00 89 c6 31 c0 e8 36 e6
0x00007fff202163bf:   01 00 4c 89 ff e8 2d ea 01 00 48 89 c3 65 8b 04
0x00007fff202163cf:   25 18 00 00 00 31 c9 f0 0f b1 0d fe 8e 48 60 74
0x00007fff202163df:   0c 48 8d 3d f5 8e 48 60 e8 b6 fb 01 00 48 89 df
0x00007fff202163ef:   e8 e6 f9 01 00 0f 0b 90 e9 2b 40 00 00 90 90 90
0x00007fff202163ff:   90 48 85 ff 74 76 89 f8 83 e0 01 48 85 c0 75 6c
0x00007fff2021640f:   48 8b 07 48 b9 f8 ff ff ff ff 7f 00 00 48 21 c1
0x00007fff2021641f:   48 8b 51 20 f6 c2 04 74 54 a8 01 74 6f 48 b9 00
0x00007fff2021642f:   00 00 00 00 00 80 00 48 ba 00 00 00 00 00 00 00
0x00007fff2021643f:   01 48 39 c8 72 36 48 89 c6 48 29 d6 72 17 f0 48
0x00007fff2021644f:   0f b1 37 74 22 a8 01 75 e8 31 f6 ba 01 00 00 00
0x00007fff2021645f:   e9 02 d4 01 00 48 85 c8 75 3a 48 8b 35 40 7d 48
0x00007fff2021646f:   60 ff 25 4a 6d e4 66 48 39 ce 72 ee c3 f6 c2 02
0x00007fff2021647f:   74 0d 66 83 79 1c 00 79 06 f6 41 28 02 75 1f 48
0x00007fff2021648f:   8b 35 43 7c 48 60 ff 25 25 6d e4 66 f6 41 1c 01
0x00007fff2021649f:   74 b7 eb d8 be 01 00 00 00 e9 d3 5a 00 00 48 8b
0x00007fff202164af:   05 84 f9 42 60 ff e0 90 90 90 90 90 90 90 90 e9
0x00007fff202164bf:   04 00 00 00 90 90 90 90 55 48 89 e5 53 50 48 89
0x00007fff202164cf:   fb f6 c3 01 75 21 48 b8 07 00 00 00 00 00 a0 00
0x00007fff202164df:   48 23 03 48 83 f8 01 75 15 48 89 df 48 83 c4 08
0x00007fff202164ef:   5b 5d e9 f8 f9 01 00 48 83 c4 08 5b 5d c3 48 89
0x00007fff202164ff:   df e8 3e 00 00 00 eb e1 90 90 90 90 90 90 90 90
0x00007fff2021650f:   90 90 90 90 90 90 90 48 85 ff 74 1c 55 48 89 e5 


Stack slot to memory mapping:
stack at sp + 0 slots: 0x00007fff20234343: _ZN19AutoreleasePoolPage12releaseUntilEPP11objc_object+0xa7 in /usr/lib/libobjc.A.dylib at 0x00007fff2020e000
stack at sp + 1 slots: 0xfe432594a6fe0000 is an unknown value
stack at sp + 2 slots: 0x00007fe02010c000 points into unknown readable memory: 0x4f545541a1a1a1a1 | a1 a1 a1 a1 41 55 54 4f
stack at sp + 3 slots: 0x00007fe01f478a70 points into unknown readable memory: 0x011dffff800e69b9 | b9 69 0e 80 ff ff 1d 01
stack at sp + 4 slots: 0x000000012c115fc8 is pointing into metadata
stack at sp + 5 slots: 0x00007fff7bb2fb51: GCC_except_table772+0x5b8ec229 in /usr/lib/libobjc.A.dylib at 0x00007fff2020e000
stack at sp + 6 slots: 0x00007fe01faa5910 points into unknown readable memory: 0x000000010e459e58 | 58 9e 45 0e 01 00 00 00
stack at sp + 7 slots: 0x0000000307b8f570 is pointing into the stack for thread: 0x00007fe01faa5600


---------------  P R O C E S S  ---------------

Threads class SMR info:
_java_thread_list=0x00007fe01f41b350, length=16, elements={
0x00007fe01f868200, 0x00007fe020011800, 0x00007fe020011e00, 0x00007fe020012400,
0x00007fe01f870600, 0x00007fe01f86cc00, 0x00007fe01f86d200, 0x00007fe01f86d800,
0x00007fe01f875800, 0x00007fe01f8d0600, 0x00007fe020810000, 0x00007fe01800c800,
0x00007fe0200cb600, 0x00007fe01fa88a00, 0x00007fe01faa5600, 0x00007fe01f815c00
}

Java Threads: ( => current thread )
  0x00007fe01f868200 JavaThread "Reference Handler" daemon [_thread_blocked, id=42847, stack(0x000000030682f000,0x000000030692f000)]
  0x00007fe020011800 JavaThread "Finalizer" daemon [_thread_blocked, id=22531, stack(0x0000000306932000,0x0000000306a32000)]
  0x00007fe020011e00 JavaThread "Signal Dispatcher" daemon [_thread_blocked, id=24579, stack(0x0000000306b43000,0x0000000306c43000)]
  0x00007fe020012400 JavaThread "Service Thread" daemon [_thread_blocked, id=39939, stack(0x0000000306c46000,0x0000000306d46000)]
  0x00007fe01f870600 JavaThread "Monitor Deflation Thread" daemon [_thread_blocked, id=39171, stack(0x0000000306d49000,0x0000000306e49000)]
  0x00007fe01f86cc00 JavaThread "C2 CompilerThread0" daemon [_thread_blocked, id=38659, stack(0x0000000306e4c000,0x0000000306f4c000)]
  0x00007fe01f86d200 JavaThread "C1 CompilerThread0" daemon [_thread_blocked, id=25859, stack(0x0000000306f4f000,0x000000030704f000)]
  0x00007fe01f86d800 JavaThread "Sweeper thread" daemon [_thread_blocked, id=38147, stack(0x0000000307052000,0x0000000307152000)]
  0x00007fe01f875800 JavaThread "Notification Thread" daemon [_thread_blocked, id=26911, stack(0x0000000307155000,0x0000000307255000)]
  0x00007fe01f8d0600 JavaThread "Common-Cleaner" daemon [_thread_blocked, id=28179, stack(0x000000030735b000,0x000000030745b000)]
  0x00007fe020810000 JavaThread "AppKit Thread" daemon [_thread_in_native, id=259, stack(0x0000000305897000,0x0000000306097000)]
  0x00007fe01800c800 JavaThread "AWT-Shutdown" [_thread_blocked, id=46159, stack(0x000000030745e000,0x000000030755e000)]
  0x00007fe0200cb600 JavaThread "Java2D Queue Flusher" daemon [_thread_blocked, id=73739, stack(0x000000030788a000,0x000000030798a000)]
  0x00007fe01fa88a00 JavaThread "Java2D Disposer" daemon [_thread_blocked, id=58719, stack(0x000000030798d000,0x0000000307a8d000)]
=>0x00007fe01faa5600 JavaThread "jME3 Main" [_thread_in_native, id=67895, stack(0x0000000307a90000,0x0000000307b90000)]
  0x00007fe01f815c00 JavaThread "DestroyJavaVM" [_thread_blocked, id=8707, stack(0x000000030611a000,0x000000030621a000)]

Other Threads:
  0x00007fe01f4361f0 VMThread "VM Thread" [stack: 0x000000030672c000,0x000000030682c000] [id=21763]
  0x00007fe01f449090 WatcherThread [stack: 0x0000000307258000,0x0000000307358000] [id=27395]
  0x00007fe01f4296d0 GCTaskThread "GC Thread#0" [stack: 0x000000030621d000,0x000000030631d000] [id=14851]
  0x00007fe01f42a660 ConcurrentGCThread "G1 Main Marker" [stack: 0x0000000306320000,0x0000000306420000] [id=15619]
  0x00007fe01f42b570 ConcurrentGCThread "G1 Conc#0" [stack: 0x0000000306423000,0x0000000306523000] [id=19203]
  0x00007fe01f621dc0 ConcurrentGCThread "G1 Refine#0" [stack: 0x0000000306526000,0x0000000306626000] [id=18691]
  0x00007fe01f622c60 ConcurrentGCThread "G1 Service" [stack: 0x0000000306629000,0x0000000306729000] [id=16643]

Threads with active compile tasks:

VM state: not at safepoint (normal execution)

VM Mutex/Monitor currently owned by a thread: None

Heap address: 0x0000000780000000, size: 2048 MB, Compressed Oops mode: Zero based, Oop shift amount: 3

CDS archive(s) mapped at: [0x0000000800000000-0x0000000800bbb000-0x0000000800bbb000), size 12300288, SharedBaseAddress: 0x0000000800000000, ArchiveRelocationMode: 0.
Compressed class space mapped at: 0x0000000800c00000-0x0000000840c00000, reserved size: 1073741824
Narrow klass base: 0x0000000800000000, Narrow klass shift: 3, Narrow klass range: 0x100000000

GC Precious Log:
 CPUs: 8 total, 8 available
 Memory: 8192M
 Large Page Support: Disabled
 NUMA Support: Disabled
 Compressed Oops: Enabled (Zero based)
 Heap Region Size: 1M
 Heap Min Capacity: 8M
 Heap Initial Capacity: 128M
 Heap Max Capacity: 2G
 Pre-touch: Disabled
 Parallel Workers: 8
 Concurrent Workers: 2
 Concurrent Refinement Workers: 8
 Periodic GC: Disabled

Heap:
 garbage-first heap   total 133120K, used 9160K [0x0000000780000000, 0x0000000800000000)
  region size 1024K, 8 young (8192K), 0 survivors (0K)
 Metaspace       used 5016K, committed 5184K, reserved 1056768K
  class space    used 473K, committed 576K, reserved 1048576K

Heap Regions: E=young(eden), S=young(survivor), O=old, HS=humongous(starts), HC=humongous(continues), CS=collection set, F=free, OA=open archive, CA=closed archive, TAMS=top-at-mark-start (previous, next)
|   0|0x0000000780000000, 0x0000000780100000, 0x0000000780100000|100%|HS|  |TAMS 0x0000000780000000, 0x0000000780000000| Complete 
|   1|0x0000000780100000, 0x0000000780100000, 0x0000000780200000|  0%| F|  |TAMS 0x0000000780100000, 0x0000000780100000| Untracked 
|   2|0x0000000780200000, 0x0000000780200000, 0x0000000780300000|  0%| F|  |TAMS 0x0000000780200000, 0x0000000780200000| Untracked 
|   3|0x0000000780300000, 0x0000000780300000, 0x0000000780400000|  0%| F|  |TAMS 0x0000000780300000, 0x0000000780300000| Untracked 
|   4|0x0000000780400000, 0x0000000780400000, 0x0000000780500000|  0%| F|  |TAMS 0x0000000780400000, 0x0000000780400000| Untracked 
|   5|0x0000000780500000, 0x0000000780500000, 0x0000000780600000|  0%| F|  |TAMS 0x0000000780500000, 0x0000000780500000| Untracked 
|   6|0x0000000780600000, 0x0000000780600000, 0x0000000780700000|  0%| F|  |TAMS 0x0000000780600000, 0x0000000780600000| Untracked 
|   7|0x0000000780700000, 0x0000000780700000, 0x0000000780800000|  0%| F|  |TAMS 0x0000000780700000, 0x0000000780700000| Untracked 
|   8|0x0000000780800000, 0x0000000780800000, 0x0000000780900000|  0%| F|  |TAMS 0x0000000780800000, 0x0000000780800000| Untracked 
|   9|0x0000000780900000, 0x0000000780900000, 0x0000000780a00000|  0%| F|  |TAMS 0x0000000780900000, 0x0000000780900000| Untracked 
|  10|0x0000000780a00000, 0x0000000780a00000, 0x0000000780b00000|  0%| F|  |TAMS 0x0000000780a00000, 0x0000000780a00000| Untracked 
|  11|0x0000000780b00000, 0x0000000780b00000, 0x0000000780c00000|  0%| F|  |TAMS 0x0000000780b00000, 0x0000000780b00000| Untracked 
|  12|0x0000000780c00000, 0x0000000780c00000, 0x0000000780d00000|  0%| F|  |TAMS 0x0000000780c00000, 0x0000000780c00000| Untracked 
|  13|0x0000000780d00000, 0x0000000780d00000, 0x0000000780e00000|  0%| F|  |TAMS 0x0000000780d00000, 0x0000000780d00000| Untracked 
|  14|0x0000000780e00000, 0x0000000780e00000, 0x0000000780f00000|  0%| F|  |TAMS 0x0000000780e00000, 0x0000000780e00000| Untracked 
|  15|0x0000000780f00000, 0x0000000780f00000, 0x0000000781000000|  0%| F|  |TAMS 0x0000000780f00000, 0x0000000780f00000| Untracked 
|  16|0x0000000781000000, 0x0000000781000000, 0x0000000781100000|  0%| F|  |TAMS 0x0000000781000000, 0x0000000781000000| Untracked 
|  17|0x0000000781100000, 0x0000000781100000, 0x0000000781200000|  0%| F|  |TAMS 0x0000000781100000, 0x0000000781100000| Untracked 
|  18|0x0000000781200000, 0x0000000781200000, 0x0000000781300000|  0%| F|  |TAMS 0x0000000781200000, 0x0000000781200000| Untracked 
|  19|0x0000000781300000, 0x0000000781300000, 0x0000000781400000|  0%| F|  |TAMS 0x0000000781300000, 0x0000000781300000| Untracked 
|  20|0x0000000781400000, 0x0000000781400000, 0x0000000781500000|  0%| F|  |TAMS 0x0000000781400000, 0x0000000781400000| Untracked 
|  21|0x0000000781500000, 0x0000000781500000, 0x0000000781600000|  0%| F|  |TAMS 0x0000000781500000, 0x0000000781500000| Untracked 
|  22|0x0000000781600000, 0x0000000781600000, 0x0000000781700000|  0%| F|  |TAMS 0x0000000781600000, 0x0000000781600000| Untracked 
|  23|0x0000000781700000, 0x0000000781700000, 0x0000000781800000|  0%| F|  |TAMS 0x0000000781700000, 0x0000000781700000| Untracked 
|  24|0x0000000781800000, 0x0000000781800000, 0x0000000781900000|  0%| F|  |TAMS 0x0000000781800000, 0x0000000781800000| Untracked 
|  25|0x0000000781900000, 0x0000000781900000, 0x0000000781a00000|  0%| F|  |TAMS 0x0000000781900000, 0x0000000781900000| Untracked 
|  26|0x0000000781a00000, 0x0000000781a00000, 0x0000000781b00000|  0%| F|  |TAMS 0x0000000781a00000, 0x0000000781a00000| Untracked 
|  27|0x0000000781b00000, 0x0000000781b00000, 0x0000000781c00000|  0%| F|  |TAMS 0x0000000781b00000, 0x0000000781b00000| Untracked 
|  28|0x0000000781c00000, 0x0000000781c00000, 0x0000000781d00000|  0%| F|  |TAMS 0x0000000781c00000, 0x0000000781c00000| Untracked 
|  29|0x0000000781d00000, 0x0000000781d00000, 0x0000000781e00000|  0%| F|  |TAMS 0x0000000781d00000, 0x0000000781d00000| Untracked 
|  30|0x0000000781e00000, 0x0000000781e00000, 0x0000000781f00000|  0%| F|  |TAMS 0x0000000781e00000, 0x0000000781e00000| Untracked 
|  31|0x0000000781f00000, 0x0000000781f00000, 0x0000000782000000|  0%| F|  |TAMS 0x0000000781f00000, 0x0000000781f00000| Untracked 
|  32|0x0000000782000000, 0x0000000782000000, 0x0000000782100000|  0%| F|  |TAMS 0x0000000782000000, 0x0000000782000000| Untracked 
|  33|0x0000000782100000, 0x0000000782100000, 0x0000000782200000|  0%| F|  |TAMS 0x0000000782100000, 0x0000000782100000| Untracked 
|  34|0x0000000782200000, 0x0000000782200000, 0x0000000782300000|  0%| F|  |TAMS 0x0000000782200000, 0x0000000782200000| Untracked 
|  35|0x0000000782300000, 0x0000000782300000, 0x0000000782400000|  0%| F|  |TAMS 0x0000000782300000, 0x0000000782300000| Untracked 
|  36|0x0000000782400000, 0x0000000782400000, 0x0000000782500000|  0%| F|  |TAMS 0x0000000782400000, 0x0000000782400000| Untracked 
|  37|0x0000000782500000, 0x0000000782500000, 0x0000000782600000|  0%| F|  |TAMS 0x0000000782500000, 0x0000000782500000| Untracked 
|  38|0x0000000782600000, 0x0000000782600000, 0x0000000782700000|  0%| F|  |TAMS 0x0000000782600000, 0x0000000782600000| Untracked 
|  39|0x0000000782700000, 0x0000000782700000, 0x0000000782800000|  0%| F|  |TAMS 0x0000000782700000, 0x0000000782700000| Untracked 
|  40|0x0000000782800000, 0x0000000782800000, 0x0000000782900000|  0%| F|  |TAMS 0x0000000782800000, 0x0000000782800000| Untracked 
|  41|0x0000000782900000, 0x0000000782900000, 0x0000000782a00000|  0%| F|  |TAMS 0x0000000782900000, 0x0000000782900000| Untracked 
|  42|0x0000000782a00000, 0x0000000782a00000, 0x0000000782b00000|  0%| F|  |TAMS 0x0000000782a00000, 0x0000000782a00000| Untracked 
|  43|0x0000000782b00000, 0x0000000782b00000, 0x0000000782c00000|  0%| F|  |TAMS 0x0000000782b00000, 0x0000000782b00000| Untracked 
|  44|0x0000000782c00000, 0x0000000782c00000, 0x0000000782d00000|  0%| F|  |TAMS 0x0000000782c00000, 0x0000000782c00000| Untracked 
|  45|0x0000000782d00000, 0x0000000782d00000, 0x0000000782e00000|  0%| F|  |TAMS 0x0000000782d00000, 0x0000000782d00000| Untracked 
|  46|0x0000000782e00000, 0x0000000782e00000, 0x0000000782f00000|  0%| F|  |TAMS 0x0000000782e00000, 0x0000000782e00000| Untracked 
|  47|0x0000000782f00000, 0x0000000782f00000, 0x0000000783000000|  0%| F|  |TAMS 0x0000000782f00000, 0x0000000782f00000| Untracked 
|  48|0x0000000783000000, 0x0000000783000000, 0x0000000783100000|  0%| F|  |TAMS 0x0000000783000000, 0x0000000783000000| Untracked 
|  49|0x0000000783100000, 0x0000000783100000, 0x0000000783200000|  0%| F|  |TAMS 0x0000000783100000, 0x0000000783100000| Untracked 
|  50|0x0000000783200000, 0x0000000783200000, 0x0000000783300000|  0%| F|  |TAMS 0x0000000783200000, 0x0000000783200000| Untracked 
|  51|0x0000000783300000, 0x0000000783300000, 0x0000000783400000|  0%| F|  |TAMS 0x0000000783300000, 0x0000000783300000| Untracked 
|  52|0x0000000783400000, 0x0000000783400000, 0x0000000783500000|  0%| F|  |TAMS 0x0000000783400000, 0x0000000783400000| Untracked 
|  53|0x0000000783500000, 0x0000000783500000, 0x0000000783600000|  0%| F|  |TAMS 0x0000000783500000, 0x0000000783500000| Untracked 
|  54|0x0000000783600000, 0x0000000783600000, 0x0000000783700000|  0%| F|  |TAMS 0x0000000783600000, 0x0000000783600000| Untracked 
|  55|0x0000000783700000, 0x0000000783700000, 0x0000000783800000|  0%| F|  |TAMS 0x0000000783700000, 0x0000000783700000| Untracked 
|  56|0x0000000783800000, 0x0000000783800000, 0x0000000783900000|  0%| F|  |TAMS 0x0000000783800000, 0x0000000783800000| Untracked 
|  57|0x0000000783900000, 0x0000000783900000, 0x0000000783a00000|  0%| F|  |TAMS 0x0000000783900000, 0x0000000783900000| Untracked 
|  58|0x0000000783a00000, 0x0000000783a00000, 0x0000000783b00000|  0%| F|  |TAMS 0x0000000783a00000, 0x0000000783a00000| Untracked 
|  59|0x0000000783b00000, 0x0000000783b00000, 0x0000000783c00000|  0%| F|  |TAMS 0x0000000783b00000, 0x0000000783b00000| Untracked 
|  60|0x0000000783c00000, 0x0000000783c00000, 0x0000000783d00000|  0%| F|  |TAMS 0x0000000783c00000, 0x0000000783c00000| Untracked 
|  61|0x0000000783d00000, 0x0000000783d00000, 0x0000000783e00000|  0%| F|  |TAMS 0x0000000783d00000, 0x0000000783d00000| Untracked 
|  62|0x0000000783e00000, 0x0000000783e00000, 0x0000000783f00000|  0%| F|  |TAMS 0x0000000783e00000, 0x0000000783e00000| Untracked 
|  63|0x0000000783f00000, 0x0000000783f00000, 0x0000000784000000|  0%| F|  |TAMS 0x0000000783f00000, 0x0000000783f00000| Untracked 
|  64|0x0000000784000000, 0x0000000784000000, 0x0000000784100000|  0%| F|  |TAMS 0x0000000784000000, 0x0000000784000000| Untracked 
|  65|0x0000000784100000, 0x0000000784100000, 0x0000000784200000|  0%| F|  |TAMS 0x0000000784100000, 0x0000000784100000| Untracked 
|  66|0x0000000784200000, 0x0000000784200000, 0x0000000784300000|  0%| F|  |TAMS 0x0000000784200000, 0x0000000784200000| Untracked 
|  67|0x0000000784300000, 0x0000000784300000, 0x0000000784400000|  0%| F|  |TAMS 0x0000000784300000, 0x0000000784300000| Untracked 
|  68|0x0000000784400000, 0x0000000784400000, 0x0000000784500000|  0%| F|  |TAMS 0x0000000784400000, 0x0000000784400000| Untracked 
|  69|0x0000000784500000, 0x0000000784500000, 0x0000000784600000|  0%| F|  |TAMS 0x0000000784500000, 0x0000000784500000| Untracked 
|  70|0x0000000784600000, 0x0000000784600000, 0x0000000784700000|  0%| F|  |TAMS 0x0000000784600000, 0x0000000784600000| Untracked 
|  71|0x0000000784700000, 0x0000000784700000, 0x0000000784800000|  0%| F|  |TAMS 0x0000000784700000, 0x0000000784700000| Untracked 
|  72|0x0000000784800000, 0x0000000784800000, 0x0000000784900000|  0%| F|  |TAMS 0x0000000784800000, 0x0000000784800000| Untracked 
|  73|0x0000000784900000, 0x0000000784900000, 0x0000000784a00000|  0%| F|  |TAMS 0x0000000784900000, 0x0000000784900000| Untracked 
|  74|0x0000000784a00000, 0x0000000784a00000, 0x0000000784b00000|  0%| F|  |TAMS 0x0000000784a00000, 0x0000000784a00000| Untracked 
|  75|0x0000000784b00000, 0x0000000784b00000, 0x0000000784c00000|  0%| F|  |TAMS 0x0000000784b00000, 0x0000000784b00000| Untracked 
|  76|0x0000000784c00000, 0x0000000784c00000, 0x0000000784d00000|  0%| F|  |TAMS 0x0000000784c00000, 0x0000000784c00000| Untracked 
|  77|0x0000000784d00000, 0x0000000784d00000, 0x0000000784e00000|  0%| F|  |TAMS 0x0000000784d00000, 0x0000000784d00000| Untracked 
|  78|0x0000000784e00000, 0x0000000784e00000, 0x0000000784f00000|  0%| F|  |TAMS 0x0000000784e00000, 0x0000000784e00000| Untracked 
|  79|0x0000000784f00000, 0x0000000784f00000, 0x0000000785000000|  0%| F|  |TAMS 0x0000000784f00000, 0x0000000784f00000| Untracked 
|  80|0x0000000785000000, 0x0000000785000000, 0x0000000785100000|  0%| F|  |TAMS 0x0000000785000000, 0x0000000785000000| Untracked 
|  81|0x0000000785100000, 0x0000000785100000, 0x0000000785200000|  0%| F|  |TAMS 0x0000000785100000, 0x0000000785100000| Untracked 
|  82|0x0000000785200000, 0x0000000785200000, 0x0000000785300000|  0%| F|  |TAMS 0x0000000785200000, 0x0000000785200000| Untracked 
|  83|0x0000000785300000, 0x0000000785300000, 0x0000000785400000|  0%| F|  |TAMS 0x0000000785300000, 0x0000000785300000| Untracked 
|  84|0x0000000785400000, 0x0000000785400000, 0x0000000785500000|  0%| F|  |TAMS 0x0000000785400000, 0x0000000785400000| Untracked 
|  85|0x0000000785500000, 0x0000000785500000, 0x0000000785600000|  0%| F|  |TAMS 0x0000000785500000, 0x0000000785500000| Untracked 
|  86|0x0000000785600000, 0x0000000785600000, 0x0000000785700000|  0%| F|  |TAMS 0x0000000785600000, 0x0000000785600000| Untracked 
|  87|0x0000000785700000, 0x0000000785700000, 0x0000000785800000|  0%| F|  |TAMS 0x0000000785700000, 0x0000000785700000| Untracked 
|  88|0x0000000785800000, 0x0000000785800000, 0x0000000785900000|  0%| F|  |TAMS 0x0000000785800000, 0x0000000785800000| Untracked 
|  89|0x0000000785900000, 0x0000000785900000, 0x0000000785a00000|  0%| F|  |TAMS 0x0000000785900000, 0x0000000785900000| Untracked 
|  90|0x0000000785a00000, 0x0000000785a00000, 0x0000000785b00000|  0%| F|  |TAMS 0x0000000785a00000, 0x0000000785a00000| Untracked 
|  91|0x0000000785b00000, 0x0000000785b00000, 0x0000000785c00000|  0%| F|  |TAMS 0x0000000785b00000, 0x0000000785b00000| Untracked 
|  92|0x0000000785c00000, 0x0000000785c00000, 0x0000000785d00000|  0%| F|  |TAMS 0x0000000785c00000, 0x0000000785c00000| Untracked 
|  93|0x0000000785d00000, 0x0000000785d00000, 0x0000000785e00000|  0%| F|  |TAMS 0x0000000785d00000, 0x0000000785d00000| Untracked 
|  94|0x0000000785e00000, 0x0000000785e00000, 0x0000000785f00000|  0%| F|  |TAMS 0x0000000785e00000, 0x0000000785e00000| Untracked 
|  95|0x0000000785f00000, 0x0000000785f00000, 0x0000000786000000|  0%| F|  |TAMS 0x0000000785f00000, 0x0000000785f00000| Untracked 
|  96|0x0000000786000000, 0x0000000786000000, 0x0000000786100000|  0%| F|  |TAMS 0x0000000786000000, 0x0000000786000000| Untracked 
|  97|0x0000000786100000, 0x0000000786100000, 0x0000000786200000|  0%| F|  |TAMS 0x0000000786100000, 0x0000000786100000| Untracked 
|  98|0x0000000786200000, 0x0000000786200000, 0x0000000786300000|  0%| F|  |TAMS 0x0000000786200000, 0x0000000786200000| Untracked 
|  99|0x0000000786300000, 0x0000000786300000, 0x0000000786400000|  0%| F|  |TAMS 0x0000000786300000, 0x0000000786300000| Untracked 
| 100|0x0000000786400000, 0x0000000786400000, 0x0000000786500000|  0%| F|  |TAMS 0x0000000786400000, 0x0000000786400000| Untracked 
| 101|0x0000000786500000, 0x0000000786500000, 0x0000000786600000|  0%| F|  |TAMS 0x0000000786500000, 0x0000000786500000| Untracked 
| 102|0x0000000786600000, 0x0000000786600000, 0x0000000786700000|  0%| F|  |TAMS 0x0000000786600000, 0x0000000786600000| Untracked 
| 103|0x0000000786700000, 0x0000000786700000, 0x0000000786800000|  0%| F|  |TAMS 0x0000000786700000, 0x0000000786700000| Untracked 
| 104|0x0000000786800000, 0x0000000786800000, 0x0000000786900000|  0%| F|  |TAMS 0x0000000786800000, 0x0000000786800000| Untracked 
| 105|0x0000000786900000, 0x0000000786900000, 0x0000000786a00000|  0%| F|  |TAMS 0x0000000786900000, 0x0000000786900000| Untracked 
| 106|0x0000000786a00000, 0x0000000786a00000, 0x0000000786b00000|  0%| F|  |TAMS 0x0000000786a00000, 0x0000000786a00000| Untracked 
| 107|0x0000000786b00000, 0x0000000786b00000, 0x0000000786c00000|  0%| F|  |TAMS 0x0000000786b00000, 0x0000000786b00000| Untracked 
| 108|0x0000000786c00000, 0x0000000786c00000, 0x0000000786d00000|  0%| F|  |TAMS 0x0000000786c00000, 0x0000000786c00000| Untracked 
| 109|0x0000000786d00000, 0x0000000786d00000, 0x0000000786e00000|  0%| F|  |TAMS 0x0000000786d00000, 0x0000000786d00000| Untracked 
| 110|0x0000000786e00000, 0x0000000786e00000, 0x0000000786f00000|  0%| F|  |TAMS 0x0000000786e00000, 0x0000000786e00000| Untracked 
| 111|0x0000000786f00000, 0x0000000786f00000, 0x0000000787000000|  0%| F|  |TAMS 0x0000000786f00000, 0x0000000786f00000| Untracked 
| 112|0x0000000787000000, 0x0000000787000000, 0x0000000787100000|  0%| F|  |TAMS 0x0000000787000000, 0x0000000787000000| Untracked 
| 113|0x0000000787100000, 0x0000000787100000, 0x0000000787200000|  0%| F|  |TAMS 0x0000000787100000, 0x0000000787100000| Untracked 
| 114|0x0000000787200000, 0x0000000787200000, 0x0000000787300000|  0%| F|  |TAMS 0x0000000787200000, 0x0000000787200000| Untracked 
| 115|0x0000000787300000, 0x0000000787300000, 0x0000000787400000|  0%| F|  |TAMS 0x0000000787300000, 0x0000000787300000| Untracked 
| 116|0x0000000787400000, 0x0000000787400000, 0x0000000787500000|  0%| F|  |TAMS 0x0000000787400000, 0x0000000787400000| Untracked 
| 117|0x0000000787500000, 0x0000000787500000, 0x0000000787600000|  0%| F|  |TAMS 0x0000000787500000, 0x0000000787500000| Untracked 
| 118|0x0000000787600000, 0x0000000787600000, 0x0000000787700000|  0%| F|  |TAMS 0x0000000787600000, 0x0000000787600000| Untracked 
| 119|0x0000000787700000, 0x0000000787700000, 0x0000000787800000|  0%| F|  |TAMS 0x0000000787700000, 0x0000000787700000| Untracked 
| 120|0x0000000787800000, 0x0000000787900000, 0x0000000787900000|100%| E|  |TAMS 0x0000000787800000, 0x0000000787800000| Complete 
| 121|0x0000000787900000, 0x0000000787a00000, 0x0000000787a00000|100%| E|CS|TAMS 0x0000000787900000, 0x0000000787900000| Complete 
| 122|0x0000000787a00000, 0x0000000787b00000, 0x0000000787b00000|100%| E|CS|TAMS 0x0000000787a00000, 0x0000000787a00000| Complete 
| 123|0x0000000787b00000, 0x0000000787c00000, 0x0000000787c00000|100%| E|CS|TAMS 0x0000000787b00000, 0x0000000787b00000| Complete 
| 124|0x0000000787c00000, 0x0000000787d00000, 0x0000000787d00000|100%| E|CS|TAMS 0x0000000787c00000, 0x0000000787c00000| Complete 
| 125|0x0000000787d00000, 0x0000000787e00000, 0x0000000787e00000|100%| E|CS|TAMS 0x0000000787d00000, 0x0000000787d00000| Complete 
| 126|0x0000000787e00000, 0x0000000787f00000, 0x0000000787f00000|100%| E|CS|TAMS 0x0000000787e00000, 0x0000000787e00000| Complete 
| 127|0x0000000787f00000, 0x0000000788000000, 0x0000000788000000|100%| E|CS|TAMS 0x0000000787f00000, 0x0000000787f00000| Complete 
|1022|0x00000007bfe00000, 0x00000007bfe75000, 0x00000007bff00000| 45%|OA|  |TAMS 0x00000007bfe00000, 0x00000007bfe00000| Untracked 
|1023|0x00000007bff00000, 0x00000007bff7d000, 0x00000007c0000000| 48%|CA|  |TAMS 0x00000007bff00000, 0x00000007bff00000| Untracked 

Card table byte_map: [0x00000001252ae000,0x00000001256ae000] _byte_map_base: 0x00000001216ae000

Marking Bits (Prev, Next): (CMBitMap*) 0x00007fe01f839810, (CMBitMap*) 0x00007fe01f839850
 Prev Bits: [0x0000000125aae000, 0x0000000127aae000)
 Next Bits: [0x0000000127aae000, 0x0000000129aae000)

Polling page: 0x0000000109166000

Metaspace:

Usage:
  Non-class:      4.44 MB used.
      Class:    473.64 KB used.
       Both:      4.90 MB used.

Virtual space:
  Non-class space:        8.00 MB reserved,       4.50 MB ( 56%) committed,  1 nodes.
      Class space:        1.00 GB reserved,     576.00 KB ( <1%) committed,  1 nodes.
              Both:        1.01 GB reserved,       5.06 MB ( <1%) committed. 

Chunk freelists:
   Non-Class:  2.89 MB
       Class:  3.47 MB
        Both:  6.36 MB

MaxMetaspaceSize: 17179869184.00 GB
CompressedClassSpaceSize: 1.00 GB
 - commit_granule_bytes: 65536.
 - commit_granule_words: 8192.
 - virtual_space_node_default_size: 1048576.
 - enlarge_chunks_in_place: 1.
 - new_chunks_are_fully_committed: 0.
 - uncommit_free_chunks: 1.
 - use_allocation_guard: 0.
 - handle_deallocations: 1.


Internal statistics:

num_allocs_failed_limit: 0.
num_arena_births: 70.
num_arena_deaths: 0.
num_vsnodes_births: 2.
num_vsnodes_deaths: 0.
num_space_committed: 81.
num_space_uncommitted: 0.
num_chunks_returned_to_freelist: 0.
num_chunks_taken_from_freelist: 138.
num_chunk_merges: 0.
num_chunk_splits: 89.
num_chunks_enlarged: 58.
num_purges: 0.

CodeHeap 'non-profiled nmethods': size=120028Kb used=188Kb max_used=188Kb free=119839Kb
 bounds [0x000000011d977000, 0x000000011dbe7000, 0x0000000124eae000]
CodeHeap 'profiled nmethods': size=120028Kb used=1067Kb max_used=1067Kb free=118960Kb
 bounds [0x0000000116440000, 0x00000001166b0000, 0x000000011d977000]
CodeHeap 'non-nmethods': size=5704Kb used=1237Kb max_used=1242Kb free=4466Kb
 bounds [0x0000000115eae000, 0x000000011611e000, 0x0000000116440000]
 total_blobs=1224 nmethods=670 adapters=469
 compilation: enabled
              stopped_count=0, restarted_count=0
 full_count=0

Compilation events (20 events):
Event: 1.133 Thread 0x00007fe01f86d200  661       1       java.lang.reflect.Field::getType (5 bytes)
Event: 1.133 Thread 0x00007fe01f86d200 nmethod 661 0x000000011d9a5a90 code [0x000000011d9a5c20, 0x000000011d9a5cf0]
Event: 1.133 Thread 0x00007fe01f86d200  662       3       java.lang.String::substring (10 bytes)
Event: 1.133 Thread 0x00007fe01f86d200 nmethod 662 0x0000000116545110 code [0x00000001165452c0, 0x00000001165454e0]
Event: 1.133 Thread 0x00007fe01f86d200  663       3       java.lang.String::endsWith (15 bytes)
Event: 1.134 Thread 0x00007fe01f86d200 nmethod 663 0x0000000116545610 code [0x00000001165457e0, 0x0000000116545b20]
Event: 1.134 Thread 0x00007fe01f86d200  664       1       java.lang.reflect.Field::getRoot (5 bytes)
Event: 1.134 Thread 0x00007fe01f86d200 nmethod 664 0x000000011d9a5d90 code [0x000000011d9a5f20, 0x000000011d9a5ff0]
Event: 1.134 Thread 0x00007fe01f86d200  665       3       java.lang.reflect.Field::setFieldAccessor (34 bytes)
Event: 1.134 Thread 0x00007fe01f86d200 nmethod 665 0x0000000116545d10 code [0x0000000116545ee0, 0x0000000116546320]
Event: 1.137 Thread 0x00007fe01f86d200  666   !   3       java.util.concurrent.ConcurrentHashMap::computeIfAbsent (576 bytes)
Event: 1.139 Thread 0x00007fe01f86d200 nmethod 666 0x0000000116546410 code [0x0000000116546840, 0x0000000116548c70]
Event: 1.139 Thread 0x00007fe01f86d200  667       3       java.nio.Buffer::remaining (20 bytes)
Event: 1.139 Thread 0x00007fe01f86d200 nmethod 667 0x0000000116549c90 code [0x0000000116549e40, 0x0000000116549fd0]
Event: 1.141 Thread 0x00007fe01f86d200  668       3       java.lang.ref.PhantomReference::<init> (7 bytes)
Event: 1.141 Thread 0x00007fe01f86d200 nmethod 668 0x000000011654a090 code [0x000000011654a240, 0x000000011654a530]
Event: 1.141 Thread 0x00007fe01f86d200  669       3       java.util.Objects::checkIndex (7 bytes)
Event: 1.142 Thread 0x00007fe01f86d200 nmethod 669 0x000000011654a610 code [0x000000011654a7c0, 0x000000011654a9c0]
Event: 1.142 Thread 0x00007fe01f86d200  670       3       jdk.internal.util.Preconditions::checkIndex (18 bytes)
Event: 1.142 Thread 0x00007fe01f86d200 nmethod 670 0x000000011654ab10 code [0x000000011654acc0, 0x000000011654ae60]

GC Heap History (0 events):
No events

Deoptimization events (0 events):
No events

Classes unloaded (0 events):
No events

Classes redefined (0 events):
No events

Internal exceptions (10 events):
Event: 0.371 Thread 0x00007fe01f815c00 Exception <a 'java/lang/NoSuchMethodError'{0x0000000787e30690}: 'void java.lang.invoke.DirectMethodHandle$Holder.invokeSpecial(java.lang.Object, java.lang.Object, java.lang.Object)'> (0x0000000787e30690) 
thrown [./open/src/hotspot/share/interpreter/linkResolver.cpp, line 790]
Event: 0.422 Thread 0x00007fe01f815c00 Exception <a 'java/lang/NoSuchMethodError'{0x0000000787dd3f08}: 'java.lang.Object java.lang.invoke.DirectMethodHandle$Holder.invokeStatic(java.lang.Object)'> (0x0000000787dd3f08) 
thrown [./open/src/hotspot/share/interpreter/linkResolver.cpp, line 790]
Event: 0.423 Thread 0x00007fe01f815c00 Exception <a 'java/lang/NoSuchMethodError'{0x0000000787dd7610}: 'java.lang.Object java.lang.invoke.DirectMethodHandle$Holder.invokeStaticInit(java.lang.Object)'> (0x0000000787dd7610) 
thrown [./open/src/hotspot/share/interpreter/linkResolver.cpp, line 790]
Event: 0.437 Thread 0x00007fe01f815c00 Exception <a 'java/lang/ClassNotFoundException'{0x0000000787de0ac0}: sun/awt/resources/spi/awtProvider> (0x0000000787de0ac0) 
thrown [./open/src/hotspot/share/classfile/systemDictionary.cpp, line 256]
Event: 0.462 Thread 0x00007fe01f815c00 Exception <a 'java/io/FileNotFoundException'{0x0000000787c28f20}> (0x0000000787c28f20) 
thrown [./open/src/hotspot/share/prims/jni.cpp, line 579]
Event: 0.504 Thread 0x00007fe01f815c00 Exception <a 'java/io/FileNotFoundException'{0x0000000787c575a0}> (0x0000000787c575a0) 
thrown [./open/src/hotspot/share/prims/jni.cpp, line 579]
Event: 0.507 Thread 0x00007fe01f815c00 Exception <a 'java/lang/ClassNotFoundException'{0x0000000787c58c78}: sun/awt/resources/spi/awtosxProvider> (0x0000000787c58c78) 
thrown [./open/src/hotspot/share/classfile/systemDictionary.cpp, line 256]
Event: 0.771 Thread 0x00007fe01f815c00 Exception <a 'java/lang/NoSuchMethodError'{0x0000000787c6fdd0}: 'void java.lang.invoke.DirectMethodHandle$Holder.invokeStatic(java.lang.Object, java.lang.Object)'> (0x0000000787c6fdd0) 
thrown [./open/src/hotspot/share/interpreter/linkResolver.cpp, line 790]
Event: 0.829 Thread 0x00007fe01f815c00 Exception <a 'java/lang/NoSuchMethodError'{0x0000000787bcc080}: 'java.lang.Object java.lang.invoke.DirectMethodHandle$Holder.invokeStatic(java.lang.Object, int, java.lang.Object)'> (0x0000000787bcc080) 
thrown [./open/src/hotspot/share/interpreter/linkResolver.cpp, line 790]
Event: 0.837 Thread 0x00007fe01f815c00 Exception <a 'java/lang/ClassNotFoundException'{0x0000000787bde648}: sun/util/logging/resources/spi/loggingProvider> (0x0000000787bde648) 
thrown [./open/src/hotspot/share/classfile/systemDictionary.cpp, line 256]

Events (20 events):
Event: 1.119 loading class jdk/internal/reflect/UnsafeQualifiedStaticFieldAccessorImpl done
Event: 1.119 loading class jdk/internal/reflect/UnsafeQualifiedStaticObjectFieldAccessorImpl done
Event: 1.119 loading class jdk/internal/access/foreign/MemorySegmentProxy
Event: 1.119 loading class jdk/internal/access/foreign/MemorySegmentProxy done
Event: 1.120 loading class java/nio/StringCharBuffer
Event: 1.120 loading class java/nio/StringCharBuffer done
Event: 1.127 loading class java/awt/IllegalComponentStateException
Event: 1.128 loading class java/awt/IllegalComponentStateException done
Event: 1.128 loading class java/awt/Point
Event: 1.128 loading class java/awt/geom/Point2D
Event: 1.128 loading class java/awt/geom/Point2D done
Event: 1.128 loading class java/awt/Point done
Event: 1.129 Executing  VM operation: HandshakeAllThreads
Event: 1.129 Executing  VM operation: HandshakeAllThreads done
Event: 1.129 Executing  VM operation: Cleanup
Event: 1.131 Executing  VM operation: Cleanup done
Event: 1.132 loading class jdk/internal/reflect/UnsafeQualifiedStaticIntegerFieldAccessorImpl
Event: 1.132 loading class jdk/internal/reflect/UnsafeQualifiedStaticIntegerFieldAccessorImpl done
Event: 1.141 loading class java/lang/NumberFormatException
Event: 1.141 loading class java/lang/NumberFormatException done


Dynamic libraries:
0x00007ffdffbac000 	/Library/Apple/usr/libexec/oah/runtime
0x00007fff2a5d5000 	/usr/lib/libz.1.dylib
0x00000001090d2000 	/Library/Java/JavaVirtualMachines/jdk-16.0.2.jdk/Contents/Home/lib/libjli.dylib
0x00007fff350fd000 	/System/Library/Frameworks/Cocoa.framework/Versions/A/Cocoa
0x00007fff22127000 	/System/Library/Frameworks/Security.framework/Versions/A/Security
0x00007fff33320000 	/System/Library/Frameworks/ApplicationServices.framework/Versions/A/ApplicationServices
0x00007fff2a6a1000 	/usr/lib/libSystem.B.dylib
0x00007fff2a69b000 	/usr/lib/system/libcache.dylib
0x00007fff2a657000 	/usr/lib/system/libcommonCrypto.dylib
0x00007fff2a681000 	/usr/lib/system/libcompiler_rt.dylib
0x00007fff2a676000 	/usr/lib/system/libcopyfile.dylib
0x00007fff200fe000 	/usr/lib/system/libcorecrypto.dylib
0x00007fff201c9000 	/usr/lib/system/libdispatch.dylib
0x00007fff2037c000 	/usr/lib/system/libdyld.dylib
0x00007fff2a692000 	/usr/lib/system/libkeymgr.dylib
0x00007fff2dbeb000 	/usr/lib/system/liblaunch.dylib
0x00007fff2a635000 	/usr/lib/system/libmacho.dylib
0x00007fff29e29000 	/usr/lib/system/libquarantine.dylib
0x00007fff2a68f000 	/usr/lib/system/libremovefile.dylib
0x00007fff24af5000 	/usr/lib/system/libsystem_asl.dylib
0x00007fff200ae000 	/usr/lib/system/libsystem_blocks.dylib
0x00007fff2024b000 	/usr/lib/system/libsystem_c.dylib
0x00007fff2a689000 	/usr/lib/system/libsystem_collections.dylib
0x00007fff29221000 	/usr/lib/system/libsystem_configuration.dylib
0x00007fff2850a000 	/usr/lib/system/libsystem_containermanager.dylib
0x00007fff2a3d4000 	/usr/lib/system/libsystem_coreservices.dylib
0x00007fff226dc000 	/usr/lib/system/libsystem_darwin.dylib
0x00007fff2a693000 	/usr/lib/system/libsystem_dnssd.dylib
0x00007fff20248000 	/usr/lib/system/libsystem_featureflags.dylib
0x00007fff203c2000 	/usr/lib/system/libsystem_info.dylib
0x00007fff2a5e8000 	/usr/lib/system/libsystem_m.dylib
0x00007fff2019c000 	/usr/lib/system/libsystem_malloc.dylib
0x00007fff24a88000 	/usr/lib/system/libsystem_networkextension.dylib
0x00007fff22afb000 	/usr/lib/system/libsystem_notify.dylib
0x00007fff3006f000 	/usr/lib/system/libsystem_product_info_filter.dylib
0x00007fff29225000 	/usr/lib/system/libsystem_sandbox.dylib
0x00007fff2a68c000 	/usr/lib/system/libsystem_secinit.dylib
0x00007fff20340000 	/usr/lib/system/libsystem_kernel.dylib
0x00007fff203b8000 	/usr/lib/system/libsystem_platform.dylib
0x00007fff20370000 	/usr/lib/system/libsystem_pthread.dylib
0x00007fff26203000 	/usr/lib/system/libsystem_symptoms.dylib
0x00007fff200e6000 	/usr/lib/system/libsystem_trace.dylib
0x00007fff2a663000 	/usr/lib/system/libunwind.dylib
0x00007fff200b0000 	/usr/lib/system/libxpc.dylib
0x00007fff2032a000 	/usr/lib/libc++abi.dylib
0x00007fff2020e000 	/usr/lib/libobjc.A.dylib
0x00007fff2a66e000 	/usr/lib/liboah.dylib
0x00007fff202d4000 	/usr/lib/libc++.1.dylib
0x00007fff203ee000 	/System/Library/Frameworks/CoreFoundation.framework/Versions/A/CoreFoundation
0x00007fff210c2000 	/System/Library/Frameworks/Foundation.framework/Versions/C/Foundation
0x00007fff22b55000 	/System/Library/Frameworks/AppKit.framework/Versions/C/AppKit
0x00007fff25a33000 	/System/Library/Frameworks/CoreData.framework/Versions/A/CoreData
0x00007fff2389d000 	/System/Library/PrivateFrameworks/UIFoundation.framework/Versions/A/UIFoundation
0x00007fff2fe02000 	/System/Library/PrivateFrameworks/RemoteViewServices.framework/Versions/A/RemoteViewServices
0x00007fff28bd0000 	/System/Library/PrivateFrameworks/XCTTargetBootstrap.framework/Versions/A/XCTTargetBootstrap
0x00007fff2b917000 	/usr/lib/libspindump.dylib
0x00007fff23aec000 	/System/Library/Frameworks/UniformTypeIdentifiers.framework/Versions/A/UniformTypeIdentifiers
0x00007fff273d4000 	/usr/lib/libapp_launch_measurement.dylib
0x00007fff273d7000 	/System/Library/PrivateFrameworks/CoreAutoLayout.framework/Versions/A/CoreAutoLayout
0x00007fff28537000 	/System/Library/Frameworks/Metal.framework/Versions/A/Metal
0x00007fff29230000 	/usr/lib/liblangid.dylib
0x00007fff28bd4000 	/System/Library/PrivateFrameworks/CoreSVG.framework/Versions/A/CoreSVG
0x00007fff24b24000 	/System/Library/PrivateFrameworks/SkyLight.framework/Versions/A/SkyLight
0x00007fff24e88000 	/System/Library/Frameworks/CoreGraphics.framework/Versions/A/CoreGraphics
0x00007fff30324000 	/System/Library/Frameworks/Accelerate.framework/Versions/A/Accelerate
0x00007fff2b356000 	/System/Library/PrivateFrameworks/IconServices.framework/Versions/A/IconServices
0x00007fff2851b000 	/System/Library/Frameworks/IOSurface.framework/Versions/A/IOSurface
0x00007fff263c0000 	/usr/lib/libDiagnosticMessagesClient.dylib
0x00007fff28bbc000 	/System/Library/PrivateFrameworks/DFRFoundation.framework/Versions/A/DFRFoundation
0x00007fff2247c000 	/usr/lib/libicucore.A.dylib
0x00007fff2ce54000 	/System/Library/Frameworks/AudioToolbox.framework/Versions/A/AudioToolbox
0x00007fff2c0e6000 	/System/Library/PrivateFrameworks/DataDetectorsCore.framework/Versions/A/DataDetectorsCore
0x00007fff24a98000 	/usr/lib/libMobileGestalt.dylib
0x00007fff288c0000 	/System/Library/Frameworks/Carbon.framework/Versions/A/Frameworks/HIToolbox.framework/Versions/A/HIToolbox
0x00007fff26e1e000 	/System/Library/Frameworks/QuartzCore.framework/Versions/A/QuartzCore
0x00007fff2fe3a000 	/System/Library/Frameworks/Carbon.framework/Versions/A/Frameworks/SpeechRecognition.framework/Versions/A/SpeechRecognition
0x00007fff2713d000 	/System/Library/PrivateFrameworks/CoreUI.framework/Versions/A/CoreUI
0x00007fff21a96000 	/System/Library/Frameworks/CoreAudio.framework/Versions/A/CoreAudio
0x00007fff264ab000 	/System/Library/Frameworks/DiskArbitration.framework/Versions/A/DiskArbitration
0x00007fff2bce4000 	/System/Library/PrivateFrameworks/MultitouchSupport.framework/Versions/A/MultitouchSupport
0x00007fff2c0dd000 	/System/Library/PrivateFrameworks/InternationalSupport.framework/Versions/A/InternationalSupport
0x00007fff24a97000 	/usr/lib/libenergytrace.dylib
0x00007fff22a4c000 	/System/Library/Frameworks/IOKit.framework/Versions/A/IOKit
0x00007fff3016d000 	/System/Library/Frameworks/CoreServices.framework/Versions/A/CoreServices
0x00007fff2736a000 	/System/Library/PrivateFrameworks/PerformanceAnalysis.framework/Versions/A/PerformanceAnalysis
0x00007fff6bbb7000 	/System/Library/Frameworks/OpenGL.framework/Versions/A/OpenGL
0x00007fff2c161000 	/System/Library/PrivateFrameworks/UserActivity.framework/Versions/A/UserActivity
0x00007fff2553a000 	/System/Library/Frameworks/ColorSync.framework/Versions/A/ColorSync
0x00007fff28e3e000 	/System/Library/Frameworks/CoreImage.framework/Versions/A/CoreImage
0x00007fff218b1000 	/System/Library/Frameworks/CoreText.framework/Versions/A/CoreText
0x00007fff28bfe000 	/System/Library/Frameworks/ImageIO.framework/Versions/A/ImageIO
0x00007fff2a6a7000 	/System/Library/PrivateFrameworks/SoftLinking.framework/Versions/A/SoftLinking
0x00007fff2741f000 	/usr/lib/libxml2.2.dylib
0x00007fff2a914000 	/usr/lib/libcompression.dylib
0x00007fff2c00f000 	/System/Library/PrivateFrameworks/TextureIO.framework/Versions/A/TextureIO
0x00007fff2affb000 	/usr/lib/libate.dylib
0x00007fff2ad28000 	/usr/lib/liblzma.5.dylib
0x00007fff20dd6000 	/System/Library/Frameworks/SystemConfiguration.framework/Versions/A/SystemConfiguration
0x00007fff2a6a3000 	/usr/lib/libfakelink.dylib
0x00007fff245e9000 	/System/Library/Frameworks/CFNetwork.framework/Versions/A/CFNetwork
0x00007fff2a7e3000 	/usr/lib/libarchive.2.dylib
0x00007fff20e54000 	/usr/lib/libCRFSuite.dylib
0x00007fff29e50000 	/usr/lib/libbsm.0.dylib
0x00007fff23f69000 	/usr/lib/libnetwork.dylib
0x00007fff2a6a8000 	/usr/lib/libpcap.A.dylib
0x00007fff261fc000 	/usr/lib/libdns_services.dylib
0x00007fff2ad41000 	/usr/lib/libcoretls_cfhelpers.dylib
0x00007fff2a8e2000 	/usr/lib/libapple_nghttp2.dylib
0x00007fff2a63b000 	/usr/lib/system/libkxld.dylib
0x00007fff25e7a000 	/usr/lib/libsqlite3.dylib
0x00007fff2a3b7000 	/System/Library/PrivateFrameworks/AppleFSCompression.framework/Versions/A/AppleFSCompression
0x00007fff29e38000 	/usr/lib/libcoretls.dylib
0x00007fff2a90f000 	/usr/lib/libpam.2.dylib
0x00007fff2ae3e000 	/usr/lib/libxar.1.dylib
0x00007fff2922c000 	/System/Library/PrivateFrameworks/AppleSystemInfo.framework/Versions/A/AppleSystemInfo
0x00007fff29a7a000 	/System/Library/PrivateFrameworks/IOMobileFramebuffer.framework/Versions/A/IOMobileFramebuffer
0x00007fff2a3c7000 	/usr/lib/libbz2.1.0.dylib
0x00007fff2a6e0000 	/usr/lib/libiconv.2.dylib
0x00007fff2a634000 	/usr/lib/libcharset.1.dylib
0x00007fff273a6000 	/System/Library/Frameworks/CoreServices.framework/Versions/A/Frameworks/FSEvents.framework/Versions/A/FSEvents
0x00007fff226e6000 	/System/Library/Frameworks/CoreServices.framework/Versions/A/Frameworks/CarbonCore.framework/Versions/A/CarbonCore
0x00007fff26410000 	/System/Library/Frameworks/CoreServices.framework/Versions/A/Frameworks/Metadata.framework/Versions/A/Metadata
0x00007fff2a3d9000 	/System/Library/Frameworks/CoreServices.framework/Versions/A/Frameworks/OSServices.framework/Versions/A/OSServices
0x00007fff2a855000 	/System/Library/Frameworks/CoreServices.framework/Versions/A/Frameworks/SearchKit.framework/Versions/A/SearchKit
0x00007fff26187000 	/System/Library/Frameworks/CoreServices.framework/Versions/A/Frameworks/AE.framework/Versions/A/AE
0x00007fff2088c000 	/System/Library/Frameworks/CoreServices.framework/Versions/A/Frameworks/LaunchServices.framework/Versions/A/LaunchServices
0x00007fff2acd8000 	/System/Library/Frameworks/CoreServices.framework/Versions/A/Frameworks/DictionaryServices.framework/Versions/A/DictionaryServices
0x00007fff273af000 	/System/Library/Frameworks/CoreServices.framework/Versions/A/Frameworks/SharedFileList.framework/Versions/A/SharedFileList
0x00007fff29e2c000 	/usr/lib/libCheckFix.dylib
0x00007fff24b0c000 	/System/Library/PrivateFrameworks/TCC.framework/Versions/A/TCC
0x00007fff29232000 	/System/Library/PrivateFrameworks/CoreNLP.framework/Versions/A/CoreNLP
0x00007fff263c3000 	/System/Library/PrivateFrameworks/MetadataUtilities.framework/Versions/A/MetadataUtilities
0x00007fff20e89000 	/usr/lib/libmecabra.dylib
0x00007fff2a136000 	/System/Library/Frameworks/MLCompute.framework/Versions/A/MLCompute
0x00007fff29e61000 	/usr/lib/libmecab.dylib
0x00007fff29eab000 	/usr/lib/libgermantok.dylib
0x00007fff2a8bd000 	/usr/lib/libThaiTokenizer.dylib
0x00007fff2ae79000 	/usr/lib/libChineseTokenizer.dylib
0x00007fff2a90d000 	/System/Library/Frameworks/MetalPerformanceShaders.framework/Versions/A/MetalPerformanceShaders
0x00007fff264b2000 	/System/Library/Frameworks/Accelerate.framework/Versions/A/Frameworks/vImage.framework/Versions/A/vImage
0x00007fff30147000 	/System/Library/Frameworks/Accelerate.framework/Versions/A/Frameworks/vecLib.framework/Versions/A/vecLib
0x00007fff2ae84000 	/System/Library/Frameworks/Accelerate.framework/Versions/A/Frameworks/vecLib.framework/Versions/A/libvMisc.dylib
0x00007fff298da000 	/System/Library/Frameworks/Accelerate.framework/Versions/A/Frameworks/vecLib.framework/Versions/A/libvDSP.dylib
0x00007fff20b93000 	/System/Library/Frameworks/Accelerate.framework/Versions/A/Frameworks/vecLib.framework/Versions/A/libBLAS.dylib
0x00007fff2a933000 	/System/Library/Frameworks/Accelerate.framework/Versions/A/Frameworks/vecLib.framework/Versions/A/libLAPACK.dylib
0x00007fff29eb1000 	/System/Library/Frameworks/Accelerate.framework/Versions/A/Frameworks/vecLib.framework/Versions/A/libLinearAlgebra.dylib
0x00007fff2a8fa000 	/System/Library/Frameworks/Accelerate.framework/Versions/A/Frameworks/vecLib.framework/Versions/A/libSparseBLAS.dylib
0x00007fff2a92d000 	/System/Library/Frameworks/Accelerate.framework/Versions/A/Frameworks/vecLib.framework/Versions/A/libQuadrature.dylib
0x00007fff292de000 	/System/Library/Frameworks/Accelerate.framework/Versions/A/Frameworks/vecLib.framework/Versions/A/libBNNS.dylib
0x00007fff20d67000 	/System/Library/Frameworks/Accelerate.framework/Versions/A/Frameworks/vecLib.framework/Versions/A/libSparse.dylib
0x00007fff291ba000 	/System/Library/Frameworks/MetalPerformanceShaders.framework/Versions/A/Frameworks/MPSCore.framework/Versions/A/MPSCore
0x00007fff2a326000 	/System/Library/Frameworks/MetalPerformanceShaders.framework/Versions/A/Frameworks/MPSImage.framework/Versions/A/MPSImage
0x00007fff29ec7000 	/System/Library/Frameworks/MetalPerformanceShaders.framework/Versions/A/Frameworks/MPSNeuralNetwork.framework/Versions/A/MPSNeuralNetwork
0x00007fff2a298000 	/System/Library/Frameworks/MetalPerformanceShaders.framework/Versions/A/Frameworks/MPSMatrix.framework/Versions/A/MPSMatrix
0x00007fff2a0e6000 	/System/Library/Frameworks/MetalPerformanceShaders.framework/Versions/A/Frameworks/MPSRayIntersector.framework/Versions/A/MPSRayIntersector
0x00007fff2a2cf000 	/System/Library/Frameworks/MetalPerformanceShaders.framework/Versions/A/Frameworks/MPSNDArray.framework/Versions/A/MPSNDArray
0x00007fff20abf000 	/System/Library/PrivateFrameworks/MetalTools.framework/Versions/A/MetalTools
0x00007fff2922a000 	/System/Library/PrivateFrameworks/AggregateDictionary.framework/Versions/A/AggregateDictionary
0x00007fff26390000 	/System/Library/PrivateFrameworks/CoreAnalytics.framework/Versions/A/CoreAnalytics
0x00007fff2a8bf000 	/System/Library/PrivateFrameworks/AppleSauce.framework/Versions/A/AppleSauce
0x00007fff2852d000 	/System/Library/PrivateFrameworks/IOAccelerator.framework/Versions/A/IOAccelerator
0x00007fff6bbab000 	/System/Library/Frameworks/OpenGL.framework/Versions/A/Libraries/libCoreFSCache.dylib
0x00007fff21420000 	/System/Library/PrivateFrameworks/LanguageModeling.framework/Versions/A/LanguageModeling
0x00007fff29a68000 	/System/Library/PrivateFrameworks/CoreEmoji.framework/Versions/A/CoreEmoji
0x00007fff292d7000 	/System/Library/PrivateFrameworks/LinguisticData.framework/Versions/A/LinguisticData
0x00007fff20d1a000 	/System/Library/PrivateFrameworks/Lexicon.framework/Versions/A/Lexicon
0x00007fff2a7d1000 	/usr/lib/libcmph.dylib
0x00007fff27386000 	/System/Library/Frameworks/OpenDirectory.framework/Versions/A/Frameworks/CFOpenDirectory.framework/Versions/A/CFOpenDirectory
0x00007fff27376000 	/System/Library/Frameworks/OpenDirectory.framework/Versions/A/OpenDirectory
0x00007fff2ad43000 	/System/Library/PrivateFrameworks/APFS.framework/Versions/A/APFS
0x00007fff29d8e000 	/System/Library/Frameworks/SecurityFoundation.framework/Versions/A/SecurityFoundation
0x00007fff2ae4c000 	/usr/lib/libutil.dylib
0x00007fff22a11000 	/System/Library/PrivateFrameworks/CoreServicesStore.framework/Versions/A/CoreServicesStore
0x00007fff29e24000 	/System/Library/Frameworks/ServiceManagement.framework/Versions/A/ServiceManagement
0x00007fff2ae50000 	/usr/lib/libxslt.1.dylib
0x00007fff29e1a000 	/System/Library/PrivateFrameworks/BackgroundTaskManagement.framework/Versions/A/BackgroundTaskManagement
0x00007fff2bf5a000 	/System/Library/Frameworks/ImageIO.framework/Versions/A/Resources/libRadiance.dylib
0x00007fff2bf63000 	/System/Library/Frameworks/ImageIO.framework/Versions/A/Resources/libJPEG.dylib
0x00007fff2beae000 	/System/Library/Frameworks/ImageIO.framework/Versions/A/Resources/libPng.dylib
0x00007fff2bed5000 	/System/Library/Frameworks/ImageIO.framework/Versions/A/Resources/libTIFF.dylib
0x00007fff2bfb8000 	/System/Library/Frameworks/ImageIO.framework/Versions/A/Resources/libGIF.dylib
0x00007fff2bc01000 	/System/Library/Frameworks/ImageIO.framework/Versions/A/Resources/libJP2.dylib
0x00007fff2b31e000 	/usr/lib/libexpat.1.dylib
0x00007fff2bbb7000 	/System/Library/PrivateFrameworks/AppleJPEG.framework/Versions/A/AppleJPEG
0x00007fff28763000 	/System/Library/PrivateFrameworks/FontServices.framework/libFontParser.dylib
0x00007fff2613e000 	/System/Library/PrivateFrameworks/RunningBoardServices.framework/Versions/A/RunningBoardServices
0x00007fff2bce0000 	/System/Library/PrivateFrameworks/WatchdogClient.framework/Versions/A/WatchdogClient
0x00007fff21509000 	/System/Library/Frameworks/CoreDisplay.framework/Versions/A/CoreDisplay
0x00007fff28678000 	/System/Library/Frameworks/CoreMedia.framework/Versions/A/CoreMedia
0x00007fff27502000 	/System/Library/Frameworks/CoreVideo.framework/Versions/A/CoreVideo
0x00007fff2bd1b000 	/System/Library/Frameworks/VideoToolbox.framework/Versions/A/VideoToolbox
0x00007fff260be000 	/System/Library/PrivateFrameworks/BaseBoard.framework/Versions/A/BaseBoard
0x00007fff2b461000 	/System/Library/PrivateFrameworks/PersistentConnection.framework/Versions/A/PersistentConnection
0x00007fff25e64000 	/System/Library/PrivateFrameworks/ProtocolBuffer.framework/Versions/A/ProtocolBuffer
0x00007fff260a6000 	/System/Library/PrivateFrameworks/CommonUtilities.framework/Versions/A/CommonUtilities
0x00007fff2bb7a000 	/System/Library/PrivateFrameworks/Bom.framework/Versions/A/Bom
0x00007fff2bf52000 	/System/Library/PrivateFrameworks/GPUWrangler.framework/Versions/A/GPUWrangler
0x00007fff2bf35000 	/System/Library/PrivateFrameworks/IOPresentment.framework/Versions/A/IOPresentment
0x00007fff2bf5d000 	/System/Library/PrivateFrameworks/DSExternalDisplay.framework/Versions/A/DSExternalDisplay
0x00007fff2bfbd000 	/System/Library/PrivateFrameworks/CMCaptureCore.framework/Versions/A/CMCaptureCore
0x00007fff2b8fd000 	/System/Library/PrivateFrameworks/AppServerSupport.framework/Versions/A/AppServerSupport
0x00007fff2d98e000 	/System/Library/PrivateFrameworks/perfdata.framework/Versions/A/perfdata
0x00007fff29d7d000 	/System/Library/PrivateFrameworks/AssertionServices.framework/Versions/A/AssertionServices
0x00007fff21640000 	/System/Library/PrivateFrameworks/AudioToolboxCore.framework/Versions/A/AudioToolboxCore
0x00007fff2865b000 	/System/Library/PrivateFrameworks/caulk.framework/Versions/A/caulk
0x00007fff3cd83000 	/System/Library/PrivateFrameworks/SystemPolicy.framework/Versions/A/SystemPolicy
0x00007fff2b12d000 	/usr/lib/libIOReport.dylib
0x00007fff2d1ca000 	/usr/lib/libSMC.dylib
0x00007fff2be7a000 	/usr/lib/libAudioToolboxUtility.dylib
0x00007fff3d6de000 	/usr/lib/libmis.dylib
0x00007fff6bc07000 	/System/Library/Frameworks/OpenGL.framework/Versions/A/Libraries/libGLU.dylib
0x00007fff6bbca000 	/System/Library/Frameworks/OpenGL.framework/Versions/A/Libraries/libGFXShared.dylib
0x00007fff6bdd8000 	/System/Library/Frameworks/OpenGL.framework/Versions/A/Libraries/libGL.dylib
0x00007fff6bbd3000 	/System/Library/Frameworks/OpenGL.framework/Versions/A/Libraries/libGLImage.dylib
0x00007fff6bbc7000 	/System/Library/Frameworks/OpenGL.framework/Versions/A/Libraries/libCVMSPluginSupport.dylib
0x00007fff6bbb2000 	/System/Library/Frameworks/OpenGL.framework/Versions/A/Libraries/libCoreVMClient.dylib
0x00007fff6d222000 	/System/Library/Frameworks/OpenCL.framework/Versions/A/OpenCL
0x00007fff2b48a000 	/System/Library/PrivateFrameworks/GraphVisualizer.framework/Versions/A/GraphVisualizer
0x00007fff2b499000 	/System/Library/PrivateFrameworks/FaceCore.framework/Versions/A/FaceCore
0x00007fff2b8b5000 	/System/Library/PrivateFrameworks/OTSVG.framework/Versions/A/OTSVG
0x00007fff270fb000 	/System/Library/Frameworks/ApplicationServices.framework/Versions/A/Frameworks/ATS.framework/Versions/A/Resources/libFontRegistry.dylib
0x00007fff2b904000 	/System/Library/PrivateFrameworks/FontServices.framework/libhvf.dylib
0x00007fff2b2ca000 	/System/Library/PrivateFrameworks/AppleVA.framework/Versions/A/AppleVA
0x00007fff2d012000 	/System/Library/Frameworks/ApplicationServices.framework/Versions/A/Frameworks/ATS.framework/Versions/A/ATS
0x00007fff2d325000 	/System/Library/Frameworks/ApplicationServices.framework/Versions/A/Frameworks/ColorSyncLegacy.framework/Versions/A/ColorSyncLegacy
0x00007fff25631000 	/System/Library/Frameworks/ApplicationServices.framework/Versions/A/Frameworks/HIServices.framework/Versions/A/HIServices
0x00007fff2d30a000 	/System/Library/Frameworks/ApplicationServices.framework/Versions/A/Frameworks/LangAnalysis.framework/Versions/A/LangAnalysis
0x00007fff2bfc7000 	/System/Library/Frameworks/ApplicationServices.framework/Versions/A/Frameworks/PrintCore.framework/Versions/A/PrintCore
0x00007fff2d32d000 	/System/Library/Frameworks/ApplicationServices.framework/Versions/A/Frameworks/QD.framework/Versions/A/QD
0x00007fff2d002000 	/System/Library/Frameworks/ApplicationServices.framework/Versions/A/Frameworks/SpeechSynthesis.framework/Versions/A/SpeechSynthesis
0x00007fff2bf88000 	/System/Library/Frameworks/ApplicationServices.framework/Versions/A/Frameworks/ATSUI.framework/Versions/A/ATSUI
0x00007fff2d2aa000 	/usr/lib/libcups.2.dylib
0x00007fff2d31a000 	/System/Library/PrivateFrameworks/NetAuth.framework/Versions/A/NetAuth
0x00007fff2d9a9000 	/System/Library/Frameworks/Kerberos.framework/Versions/A/Kerberos
0x00007fff2d9b9000 	/System/Library/Frameworks/GSS.framework/Versions/A/GSS
0x00007fff2d07f000 	/usr/lib/libresolv.9.dylib
0x00007fff2b91a000 	/System/Library/PrivateFrameworks/Heimdal.framework/Versions/A/Heimdal
0x00007fff33635000 	/System/Library/Frameworks/Kerberos.framework/Versions/A/Libraries/libHeimdalProxy.dylib
0x00007fff2620b000 	/System/Library/Frameworks/Network.framework/Versions/A/Network
0x00007fff2b337000 	/usr/lib/libheimdal-asn1.dylib
0x00007fff2da0a000 	/System/Library/PrivateFrameworks/CommonAuth.framework/Versions/A/CommonAuth
0x00007fff27550000 	/System/Library/PrivateFrameworks/login.framework/Versions/A/Frameworks/loginsupport.framework/Versions/A/loginsupport
0x00007fff2cf89000 	/System/Library/PrivateFrameworks/AudioSession.framework/Versions/A/AudioSession
0x00007fff2cfef000 	/usr/lib/libAudioStatistics.dylib
0x00007fff2b3c3000 	/System/Library/PrivateFrameworks/MediaExperience.framework/Versions/A/MediaExperience
0x00007fff2ce22000 	/System/Library/PrivateFrameworks/AudioSession.framework/libSessionUtility.dylib
0x00007fff2d99a000 	/usr/lib/libperfcheck.dylib
0x00007fff2d339000 	/System/Library/PrivateFrameworks/AudioResourceArbitration.framework/Versions/A/AudioResourceArbitration
0x00007fff2b341000 	/System/Library/PrivateFrameworks/IconFoundation.framework/Versions/A/IconFoundation
0x00007fff2fe2a000 	/System/Library/PrivateFrameworks/SpeechRecognitionCore.framework/Versions/A/SpeechRecognitionCore
0x000000010d800000 	/Library/Java/JavaVirtualMachines/jdk-16.0.2.jdk/Contents/Home/lib/server/libjvm.dylib
0x0000000109210000 	/Library/Java/JavaVirtualMachines/jdk-16.0.2.jdk/Contents/Home/lib/libjimage.dylib
0x0000000109285000 	/Library/Java/JavaVirtualMachines/jdk-16.0.2.jdk/Contents/Home/lib/libjava.dylib
0x000000012bace000 	/Library/Java/JavaVirtualMachines/jdk-16.0.2.jdk/Contents/Home/lib/libnio.dylib
0x000000012bafe000 	/Library/Java/JavaVirtualMachines/jdk-16.0.2.jdk/Contents/Home/lib/libnet.dylib
0x000000012bbe2000 	/Library/Java/JavaVirtualMachines/jdk-16.0.2.jdk/Contents/Home/lib/libzip.dylib
0x000000012e2bf000 	/Library/Java/JavaVirtualMachines/jdk-16.0.2.jdk/Contents/Home/lib/libawt.dylib
0x000000012e438000 	/Library/Java/JavaVirtualMachines/jdk-16.0.2.jdk/Contents/Home/lib/libmlib_image.dylib
0x00007fff6eb53000 	/System/Library/Frameworks/JavaNativeFoundation.framework/Versions/A/JavaNativeFoundation
0x00007fff6eb5f000 	/System/Library/Frameworks/JavaRuntimeSupport.framework/Versions/A/JavaRuntimeSupport
0x00007fff3cacd000 	/System/Library/Frameworks/Carbon.framework/Versions/A/Carbon
0x00007fff31c8e000 	/System/Library/PrivateFrameworks/CoreSymbolication.framework/Versions/A/CoreSymbolication
0x00007fff3657d000 	/System/Library/Frameworks/Carbon.framework/Versions/A/Frameworks/CommonPanels.framework/Versions/A/CommonPanels
0x00007fff330cb000 	/System/Library/Frameworks/Carbon.framework/Versions/A/Frameworks/Help.framework/Versions/A/Help
0x00007fff36581000 	/System/Library/Frameworks/Carbon.framework/Versions/A/Frameworks/ImageCapture.framework/Versions/A/ImageCapture
0x00007fff36551000 	/System/Library/Frameworks/Carbon.framework/Versions/A/Frameworks/OpenScripting.framework/Versions/A/OpenScripting
0x00007fff36579000 	/System/Library/Frameworks/Carbon.framework/Versions/A/Frameworks/Ink.framework/Versions/A/Ink
0x00007fff3cac9000 	/System/Library/Frameworks/Carbon.framework/Versions/A/Frameworks/Print.framework/Versions/A/Print
0x00007fff36575000 	/System/Library/Frameworks/Carbon.framework/Versions/A/Frameworks/SecurityHI.framework/Versions/A/SecurityHI
0x00007fff31c52000 	/System/Library/PrivateFrameworks/DebugSymbols.framework/Versions/A/DebugSymbols
0x000000012e58a000 	/Library/Java/JavaVirtualMachines/jdk-16.0.2.jdk/Contents/Home/lib/libawt_lwawt.dylib
0x000000012e70d000 	/Library/Java/JavaVirtualMachines/jdk-16.0.2.jdk/Contents/Home/lib/libosxapp.dylib
0x00007fff3c0e4000 	/System/Library/Frameworks/ExceptionHandling.framework/Versions/A/ExceptionHandling
0x000000012e8a3000 	/Library/Java/JavaVirtualMachines/jdk-16.0.2.jdk/Contents/Home/lib/libfontmanager.dylib
0x000000012e8ca000 	/Library/Java/JavaVirtualMachines/jdk-16.0.2.jdk/Contents/Home/lib/libharfbuzz.dylib
0x000000012ea52000 	/Library/Java/JavaVirtualMachines/jdk-16.0.2.jdk/Contents/Home/lib/libfreetype.dylib
0x00007fff229d2000 	/System/Library/PrivateFrameworks/CoreServicesInternal.framework/Versions/A/CoreServicesInternal
0x00007fff311ab000 	/System/Library/Frameworks/FileProvider.framework/Versions/A/FileProvider
0x00007fff26029000 	/System/Library/Frameworks/Accounts.framework/Versions/A/Accounts
0x00007fff312fa000 	/System/Library/PrivateFrameworks/GenerationalStorage.framework/Versions/A/GenerationalStorage
0x00007fff30bcb000 	/System/Library/PrivateFrameworks/SymptomDiagnosticReporter.framework/Versions/A/SymptomDiagnosticReporter
0x00007fff23aff000 	/System/Library/PrivateFrameworks/DesktopServicesPriv.framework/Versions/A/DesktopServicesPriv
0x00007fff22b07000 	/usr/lib/libsandbox.1.dylib
0x00007fff2757b000 	/System/Library/PrivateFrameworks/UserManagement.framework/Versions/A/UserManagement
0x00007fff29d5a000 	/System/Library/PrivateFrameworks/MobileKeyBag.framework/Versions/A/MobileKeyBag
0x00007fff346af000 	/System/Library/PrivateFrameworks/ChunkingLibrary.framework/Versions/A/ChunkingLibrary
0x00007fff2e3cc000 	/System/Library/PrivateFrameworks/Sharing.framework/Versions/A/Sharing
0x00007fff32c38000 	/System/Library/PrivateFrameworks/Apple80211.framework/Versions/A/Apple80211
0x00007fff2a407000 	/System/Library/PrivateFrameworks/AuthKit.framework/Versions/A/AuthKit
0x00007fff29b58000 	/System/Library/PrivateFrameworks/CoreUtils.framework/Versions/A/CoreUtils
0x00007fff29a85000 	/System/Library/Frameworks/CoreWLAN.framework/Versions/A/CoreWLAN
0x00007fff2e518000 	/System/Library/Frameworks/IOBluetooth.framework/Versions/A/IOBluetooth
0x00007fff32c9c000 	/System/Library/PrivateFrameworks/CoreWiFi.framework/Versions/A/CoreWiFi
0x00007fff2da90000 	/System/Library/PrivateFrameworks/CorePhoneNumbers.framework/Versions/A/CorePhoneNumbers
0x00007fff30cd2000 	/System/Library/PrivateFrameworks/DiskManagement.framework/Versions/A/DiskManagement
0x00007fff30be8000 	/System/Library/PrivateFrameworks/AppleIDAuthSupport.framework/Versions/A/AppleIDAuthSupport
0x00007fff2da70000 	/System/Library/PrivateFrameworks/KeychainCircle.framework/Versions/A/KeychainCircle
0x00007fff30c9e000 	/System/Library/PrivateFrameworks/MediaKit.framework/Versions/A/MediaKit
0x00007fff30bf5000 	/System/Library/Frameworks/DiscRecording.framework/Versions/A/DiscRecording
0x00007fff2b23e000 	/usr/lib/libCoreStorage.dylib
0x00007fff330d7000 	/usr/lib/libcsfde.dylib
0x00007fff2e653000 	/System/Library/PrivateFrameworks/ProtectedCloudStorage.framework/Versions/A/ProtectedCloudStorage
0x00007fff330cf000 	/System/Library/PrivateFrameworks/EFILogin.framework/Versions/A/EFILogin
0x00007fff336e8000 	/System/Library/Frameworks/AudioUnit.framework/Versions/A/AudioUnit
0x00007fff30b66000 	/System/Library/Frameworks/CoreBluetooth.framework/Versions/A/CoreBluetooth
0x00007fff2b236000 	/usr/lib/libMatch.1.dylib
0x00007fff43934000 	/System/Library/CoreServices/RawCamera.bundle/Contents/MacOS/RawCamera
0x00007fff2da1b000 	/System/Library/PrivateFrameworks/MobileAsset.framework/Versions/A/MobileAsset
0x00007fff3370c000 	/System/Library/PrivateFrameworks/StreamingZip.framework/Versions/A/StreamingZip
0x00007fff2c1bf000 	/System/Library/Frameworks/MediaToolbox.framework/Versions/A/MediaToolbox
0x00007fff3117d000 	/System/Library/PrivateFrameworks/CoreAVCHD.framework/Versions/A/CoreAVCHD
0x00007fff30365000 	/System/Library/Frameworks/MediaAccessibility.framework/Versions/A/MediaAccessibility
0x00007fff31179000 	/System/Library/PrivateFrameworks/Mangrove.framework/Versions/A/Mangrove
0x00007fff30371000 	/System/Library/PrivateFrameworks/AlgosScoreFramework.framework/Versions/A/AlgosScoreFramework
0x00007fff31b60000 	/System/Library/PrivateFrameworks/AppleVPA.framework/Versions/A/AppleVPA
0x00007fff30dbe000 	/System/Library/PrivateFrameworks/CoreAUC.framework/Versions/A/CoreAUC
0x00007fff41388000 	/System/Library/Frameworks/Accelerate.framework/Versions/A/Frameworks/vImage.framework/Versions/A/Libraries/libCGInterfaces.dylib
0x0000000130f7d000 	/usr/lib/libobjc-trampolines.dylib
0x00007fff2727e000 	/System/Library/PrivateFrameworks/ViewBridge.framework/Versions/A/ViewBridge
0x00007fff6bde3000 	/System/Library/Frameworks/OpenGL.framework/Versions/A/Resources/GLEngine.bundle/GLEngine
0x00007fff6bc44000 	/System/Library/Frameworks/OpenGL.framework/Versions/A/Libraries/libGLProgrammability.dylib
0x00000001335e2000 	/System/Library/Extensions/AppleMetalOpenGLRenderer.bundle/Contents/MacOS/AppleMetalOpenGLRenderer
0x00007fff6bf61000 	/System/Library/Frameworks/OpenGL.framework/Versions/A/Resources/GLRendererFloat.bundle/GLRendererFloat
0x000000013367e000 	/System/Library/Extensions/AGXMetal13_3.bundle/Contents/MacOS/AGXMetal13_3
0x00007fff38706000 	/System/Library/PrivateFrameworks/IOGPU.framework/Versions/A/IOGPU
0x00007fff69760000 	/System/Library/PrivateFrameworks/GPUCompiler.framework/Versions/31001/Libraries/libmetal_timestamp.dylib
0x00007fff2b9db000 	/System/Library/PrivateFrameworks/login.framework/Versions/A/login
0x0000000134262000 	/Users/maddox/Documents/proj/Locus2/locus/libopenal.dylib
0x0000000134312000 	/Library/Java/JavaVirtualMachines/jdk-16.0.2.jdk/Contents/Home/lib/libverify.dylib
0x000000013434f000 	/Users/maddox/Documents/proj/Locus2/locus/liblwjgl.dylib
0x0000000134452000 	/Library/Java/JavaVirtualMachines/jdk-16.0.2.jdk/Contents/Home/lib/libjawt.dylib


VM Arguments:
java_command: com.maddoxk.locus.App
java_class_path (initial): target/com.maddoxk.locus-0.1-Alpha.jar
Launcher Type: SUN_STANDARD

[Global flags]
     intx CICompilerCount                          = 4                                         {product} {ergonomic}
     uint ConcGCThreads                            = 2                                         {product} {ergonomic}
     uint G1ConcRefinementThreads                  = 8                                         {product} {ergonomic}
   size_t G1HeapRegionSize                         = 1048576                                   {product} {ergonomic}
    uintx GCDrainStackTargetSize                   = 64                                        {product} {ergonomic}
   size_t InitialHeapSize                          = 134217728                                 {product} {ergonomic}
   size_t MarkStackSize                            = 4194304                                   {product} {ergonomic}
   size_t MaxHeapSize                              = 2147483648                                {product} {ergonomic}
   size_t MaxNewSize                               = 1287651328                                {product} {ergonomic}
   size_t MinHeapDeltaBytes                        = 1048576                                   {product} {ergonomic}
   size_t MinHeapSize                              = 8388608                                   {product} {ergonomic}
    uintx NonNMethodCodeHeapSize                   = 5839372                                {pd product} {ergonomic}
    uintx NonProfiledCodeHeapSize                  = 122909434                              {pd product} {ergonomic}
    uintx ProfiledCodeHeapSize                     = 122909434                              {pd product} {ergonomic}
    uintx ReservedCodeCacheSize                    = 251658240                              {pd product} {ergonomic}
     bool SegmentedCodeCache                       = true                                      {product} {ergonomic}
   size_t SoftMaxHeapSize                          = 2147483648                             {manageable} {ergonomic}
     bool UseCompressedClassPointers               = true                           {product lp64_product} {ergonomic}
     bool UseCompressedOops                        = true                           {product lp64_product} {ergonomic}
     bool UseG1GC                                  = true                                      {product} {ergonomic}
     bool UseNUMA                                  = false                                     {product} {ergonomic}
     bool UseNUMAInterleaving                      = false                                     {product} {ergonomic}

Logging:
Log output configuration:
 #0: stdout all=warning uptime,level,tags
 #1: stderr all=off uptime,level,tags

Environment Variables:
PATH=/opt/homebrew/bin:/opt/homebrew/sbin:/usr/local/bin:/usr/bin:/bin:/usr/sbin:/sbin:/usr/local/share/dotnet:~/.dotnet/tools:/Library/Frameworks/Mono.framework/Versions/Current/Commands:/opt/homebrew/bin:/opt/homebrew/sbin:/Users/maddox/.cargo/bin
SHELL=/bin/zsh
LANG=en_US.UTF-8

Signal Handlers:
SIGSEGV: [libjvm.dylib+0xa7bdc0], sa_mask[0]=11100110100111111111111111111111, sa_flags=SA_ONSTACK|SA_RESTART|SA_SIGINFO
SIGBUS: [libjvm.dylib+0xa7bdc0], sa_mask[0]=11100110100111111111111111111111, sa_flags=SA_RESTART|SA_SIGINFO
SIGFPE: [libjvm.dylib+0xa7bdc0], sa_mask[0]=11100110100111111111111111111111, sa_flags=SA_RESTART|SA_SIGINFO
SIGPIPE: [libjvm.dylib+0x945be0], sa_mask[0]=11100110100111111111111111111111, sa_flags=SA_RESTART|SA_SIGINFO
SIGXFSZ: [libjvm.dylib+0x945be0], sa_mask[0]=11100110100111111111111111111111, sa_flags=SA_RESTART|SA_SIGINFO
SIGILL: [libjvm.dylib+0xa7bdc0], sa_mask[0]=11100110100111111111111111111111, sa_flags=SA_RESTART|SA_SIGINFO
SIGUSR2: [libjvm.dylib+0x946690], sa_mask[0]=00000000000000000000000000000000, sa_flags=SA_RESTART|SA_SIGINFO
SIGHUP: [libjvm.dylib+0x944c50], sa_mask[0]=11100110100111111111111111111111, sa_flags=SA_RESTART|SA_SIGINFO
SIGINT: [libjvm.dylib+0x944c50], sa_mask[0]=11100110100111111111111111111111, sa_flags=SA_RESTART|SA_SIGINFO
SIGTERM: [libjvm.dylib+0x944c50], sa_mask[0]=11100110100111111111111111111111, sa_flags=SA_RESTART|SA_SIGINFO
SIGQUIT: [libjvm.dylib+0x944c50], sa_mask[0]=11100110100111111111111111111111, sa_flags=SA_RESTART|SA_SIGINFO
SIGTRAP: [libjvm.dylib+0xa7bdc0], sa_mask[0]=11100110100111111111111111111111, sa_flags=SA_RESTART|SA_SIGINFO


---------------  S Y S T E M  ---------------

OS:uname: Darwin 20.4.0 Darwin Kernel Version 20.4.0: Thu Apr 22 21:46:41 PDT 2021; root:xnu-7195.101.2~1/RELEASE_ARM64_T8101 x86_64
OS uptime: 1 days 3:33 hours
rlimit (soft/hard): STACK 8176k/65520k , CORE 0k/infinity , NPROC 1333/2000 , NOFILE 10240/infinity , AS infinity/infinity , CPU infinity/infinity , DATA infinity/infinity , FSIZE infinity/infinity , MEMLOCK infinity/infinity , RSS infinity/infinity
load average: 5.48 3.24 2.88

CPU: total 8 (initial active 8) (1 cores per cpu, 1 threads per core) family 6 model 44 stepping 0 microcode 0x0, cx8, cmov, fxsr, mmx, sse, sse2, sse3, ssse3, sse4.1, sse4.2, popcnt, tsc, tscinvbit, aes, clmul, clflush

Memory: 4k page, physical 8388608k(65056k free), swap 4718592k(891392k free)

vm_info: Java HotSpot(TM) 64-Bit Server VM (16.0.2+7-67) for bsd-amd64 JRE (16.0.2+7-67), built on Jun  8 2021 22:22:46 by "mach5one" with clang 4.2.1 Compatible Apple LLVM 11.0.0 (clang-1100.0.33.17)

END.
